01-02-2018:20:36:35,738 INFO     [lda.py:77] N_vt = {'a': {0: 7, 1: 4}, 'y': {0: 5, 1: 4}, 'z': {0: 3, 1: 4}, 'b': {0: 5, 1: 5}}
01-02-2018:20:36:35,738 INFO     [lda.py:78] N_t = {0: 20, 1: 17}
01-02-2018:20:36:35,738 INFO     [lda.py:79] N_d = {0: 7, 1: 7, 2: 12, 3: 11}
01-02-2018:20:36:35,738 INFO     [lda.py:80] N_dt = {0: {0: 4, 1: 3}, 1: {0: 5, 1: 2}, 2: {0: 7, 1: 5}, 3: {0: 4, 1: 7}}
01-02-2018:20:36:35,738 INFO     [lda.py:139] p_topics_v_dist = {0: [0.3333333333333333, 0.25, 0.25, 0.16666666666666666], 1: [0.23809523809523808, 0.2857142857142857, 0.23809523809523808, 0.23809523809523808]}
01-02-2018:20:36:35,962 INFO     [lda.py:115] L = [[0, 0, 0, 0, 1, 1, 0], [1, 0, 1, 0, 0, 0, 1], [0, 1, 0, 1, 1, 1, 1, 1, 1, 1, 0, 0], [0, 0, 0, 1, 1, 0, 0, 1, 0, 0, 1]]
01-02-2018:20:36:35,962 INFO     [lda.py:127] p_docs_t_dist = {0: [0.6666666666666666, 0.3333333333333333], 1: [0.5555555555555556, 0.4444444444444444], 2: [0.35714285714285715, 0.6428571428571429], 3: [0.6153846153846154, 0.38461538461538464]}
01-02-2018:20:36:35,962 INFO     [lda.py:139] p_topics_v_dist = {0: [0.375, 0.25, 0.08333333333333333, 0.2916666666666667], 1: [0.19047619047619047, 0.2857142857142857, 0.42857142857142855, 0.09523809523809523]}
01-02-2018:20:36:35,963 INFO     [lda.py:115] L = [[0, 0, 0, 0, 0, 0, 0], [1, 0, 0, 0, 1, 1, 1], [1, 1, 1, 0, 1, 1, 0, 1, 1, 0, 1, 1], [0, 1, 0, 1, 1, 0, 0, 0, 1, 1, 0]]
01-02-2018:20:36:35,963 INFO     [lda.py:127] p_docs_t_dist = {0: [0.8888888888888888, 0.1111111111111111], 1: [0.4444444444444444, 0.5555555555555556], 2: [0.2857142857142857, 0.7142857142857143], 3: [0.5384615384615384, 0.46153846153846156]}
01-02-2018:20:36:35,963 INFO     [lda.py:139] p_topics_v_dist = {0: [0.43478260869565216, 0.21739130434782608, 0.08695652173913043, 0.2608695652173913], 1: [0.13636363636363635, 0.3181818181818182, 0.4090909090909091, 0.13636363636363635]}
01-02-2018:20:36:35,963 INFO     [lda.py:115] L = [[0, 0, 1, 0, 0, 0, 1], [0, 1, 0, 0, 0, 0, 1], [1, 1, 0, 1, 1, 1, 1, 1, 1, 1, 0, 0], [0, 0, 0, 1, 1, 0, 0, 1, 0, 1, 1]]
01-02-2018:20:36:35,963 INFO     [lda.py:127] p_docs_t_dist = {0: [0.6666666666666666, 0.3333333333333333], 1: [0.6666666666666666, 0.3333333333333333], 2: [0.2857142857142857, 0.7142857142857143], 3: [0.5384615384615384, 0.46153846153846156]}
01-02-2018:20:36:35,964 INFO     [lda.py:139] p_topics_v_dist = {0: [0.43478260869565216, 0.21739130434782608, 0.043478260869565216, 0.30434782608695654], 1: [0.13636363636363635, 0.3181818181818182, 0.45454545454545453, 0.09090909090909091]}
01-02-2018:20:36:35,964 INFO     [lda.py:115] L = [[1, 0, 0, 0, 1, 0, 0], [0, 0, 0, 0, 1, 0, 0], [1, 1, 1, 0, 1, 1, 0, 1, 1, 1, 1, 1], [0, 1, 0, 1, 1, 1, 1, 0, 1, 1, 0]]
01-02-2018:20:36:35,964 INFO     [lda.py:127] p_docs_t_dist = {0: [0.6666666666666666, 0.3333333333333333], 1: [0.7777777777777778, 0.2222222222222222], 2: [0.21428571428571427, 0.7857142857142857], 3: [0.38461538461538464, 0.6153846153846154]}
01-02-2018:20:36:35,964 INFO     [lda.py:139] p_topics_v_dist = {0: [0.42857142857142855, 0.23809523809523808, 0.14285714285714285, 0.19047619047619047], 1: [0.16666666666666666, 0.2916666666666667, 0.3333333333333333, 0.20833333333333334]}
01-02-2018:20:36:35,964 INFO     [lda.py:115] L = [[0, 0, 0, 0, 0, 0, 0], [0, 0, 0, 0, 0, 0, 1], [1, 1, 1, 1, 1, 1, 1, 1, 1, 1, 1, 1], [1, 1, 1, 1, 1, 1, 1, 1, 1, 1, 1]]
01-02-2018:20:36:35,965 INFO     [lda.py:127] p_docs_t_dist = {0: [0.8888888888888888, 0.1111111111111111], 1: [0.7777777777777778, 0.2222222222222222], 2: [0.07142857142857142, 0.9285714285714286], 3: [0.07692307692307693, 0.9230769230769231]}
01-02-2018:20:36:35,965 INFO     [lda.py:139] p_topics_v_dist = {0: [0.7058823529411765, 0.17647058823529413, 0.058823529411764705, 0.058823529411764705], 1: [0.03571428571428571, 0.32142857142857145, 0.35714285714285715, 0.2857142857142857]}
01-02-2018:20:36:36,144 INFO     [lda.py:115] L = [[0, 0, 0, 0, 0, 0, 0], [0, 0, 0, 0, 0, 0, 1], [1, 1, 1, 1, 1, 1, 1, 1, 1, 1, 1, 1], [1, 1, 1, 1, 1, 1, 1, 1, 1, 1, 1]]
01-02-2018:20:36:36,144 INFO     [lda.py:127] p_docs_t_dist = {0: [0.8888888888888888, 0.1111111111111111], 1: [0.7777777777777778, 0.2222222222222222], 2: [0.07142857142857142, 0.9285714285714286], 3: [0.07692307692307693, 0.9230769230769231]}
01-02-2018:20:36:36,144 INFO     [lda.py:139] p_topics_v_dist = {0: [0.7058823529411765, 0.17647058823529413, 0.058823529411764705, 0.058823529411764705], 1: [0.03571428571428571, 0.32142857142857145, 0.35714285714285715, 0.2857142857142857]}
01-02-2018:20:36:36,144 INFO     [lda.py:115] L = [[0, 1, 0, 0, 0, 0, 1], [0, 0, 0, 0, 0, 0, 1], [1, 1, 1, 1, 1, 1, 1, 1, 1, 1, 1, 1], [1, 1, 1, 1, 1, 1, 1, 1, 1, 1, 1]]
01-02-2018:20:36:36,144 INFO     [lda.py:127] p_docs_t_dist = {0: [0.6666666666666666, 0.3333333333333333], 1: [0.7777777777777778, 0.2222222222222222], 2: [0.07142857142857142, 0.9285714285714286], 3: [0.07692307692307693, 0.9230769230769231]}
01-02-2018:20:36:36,145 INFO     [lda.py:139] p_topics_v_dist = {0: [0.7333333333333333, 0.13333333333333333, 0.06666666666666667, 0.06666666666666667], 1: [0.06666666666666667, 0.3333333333333333, 0.3333333333333333, 0.26666666666666666]}
01-02-2018:20:36:36,145 INFO     [lda.py:115] L = [[1, 0, 0, 0, 0, 0, 0], [0, 0, 0, 1, 0, 1, 1], [1, 1, 1, 1, 1, 1, 1, 1, 1, 1, 1, 1], [1, 1, 1, 1, 1, 1, 1, 1, 1, 1, 1]]
01-02-2018:20:36:36,145 INFO     [lda.py:127] p_docs_t_dist = {0: [0.7777777777777778, 0.2222222222222222], 1: [0.5555555555555556, 0.4444444444444444], 2: [0.07142857142857142, 0.9285714285714286], 3: [0.07692307692307693, 0.9230769230769231]}
01-02-2018:20:36:36,145 INFO     [lda.py:139] p_topics_v_dist = {0: [0.6428571428571429, 0.21428571428571427, 0.07142857142857142, 0.07142857142857142], 1: [0.12903225806451613, 0.2903225806451613, 0.3225806451612903, 0.25806451612903225]}
01-02-2018:20:36:36,145 INFO     [lda.py:115] L = [[0, 0, 0, 0, 0, 0, 1], [0, 1, 0, 0, 0, 0, 0], [1, 1, 1, 1, 1, 1, 1, 1, 1, 1, 1, 1], [1, 1, 1, 1, 1, 1, 1, 1, 1, 1, 1]]
01-02-2018:20:36:36,145 INFO     [lda.py:127] p_docs_t_dist = {0: [0.7777777777777778, 0.2222222222222222], 1: [0.7777777777777778, 0.2222222222222222], 2: [0.07142857142857142, 0.9285714285714286], 3: [0.07692307692307693, 0.9230769230769231]}
01-02-2018:20:36:36,145 INFO     [lda.py:139] p_topics_v_dist = {0: [0.6875, 0.125, 0.125, 0.0625], 1: [0.06896551724137931, 0.3448275862068966, 0.3103448275862069, 0.27586206896551724]}
01-02-2018:20:36:36,146 INFO     [lda.py:115] L = [[0, 0, 0, 0, 0, 0, 1], [1, 0, 0, 0, 0, 0, 0], [1, 1, 1, 1, 1, 1, 1, 1, 1, 1, 1, 1], [1, 1, 1, 1, 1, 1, 1, 1, 1, 1, 1]]
01-02-2018:20:36:36,146 INFO     [lda.py:127] p_docs_t_dist = {0: [0.7777777777777778, 0.2222222222222222], 1: [0.7777777777777778, 0.2222222222222222], 2: [0.07142857142857142, 0.9285714285714286], 3: [0.07692307692307693, 0.9230769230769231]}
01-02-2018:20:36:36,146 INFO     [lda.py:139] p_topics_v_dist = {0: [0.75, 0.0625, 0.125, 0.0625], 1: [0.034482758620689655, 0.3793103448275862, 0.3103448275862069, 0.27586206896551724]}
01-02-2018:20:36:36,374 INFO     [lda.py:115] L = [[0, 0, 0, 0, 0, 0, 1], [1, 0, 0, 0, 0, 0, 1], [0, 1, 1, 1, 1, 1, 1, 1, 1, 1, 1, 1], [1, 1, 1, 1, 1, 1, 1, 1, 1, 1, 1]]
01-02-2018:20:36:36,374 INFO     [lda.py:127] p_docs_t_dist = {0: [0.7777777777777778, 0.2222222222222222], 1: [0.6666666666666666, 0.3333333333333333], 2: [0.14285714285714285, 0.8571428571428571], 3: [0.07692307692307693, 0.9230769230769231]}
01-02-2018:20:36:36,374 INFO     [lda.py:139] p_topics_v_dist = {0: [0.75, 0.0625, 0.125, 0.0625], 1: [0.034482758620689655, 0.3793103448275862, 0.3103448275862069, 0.27586206896551724]}
01-02-2018:20:36:36,374 INFO     [lda.py:115] L = [[0, 0, 0, 0, 0, 0, 1], [0, 0, 0, 0, 0, 0, 0], [1, 1, 1, 1, 1, 1, 1, 1, 1, 1, 1, 1], [1, 1, 1, 1, 1, 1, 1, 1, 1, 1, 1]]
01-02-2018:20:36:36,374 INFO     [lda.py:127] p_docs_t_dist = {0: [0.7777777777777778, 0.2222222222222222], 1: [0.8888888888888888, 0.1111111111111111], 2: [0.07142857142857142, 0.9285714285714286], 3: [0.07692307692307693, 0.9230769230769231]}
01-02-2018:20:36:36,374 INFO     [lda.py:139] p_topics_v_dist = {0: [0.7058823529411765, 0.11764705882352941, 0.11764705882352941, 0.058823529411764705], 1: [0.03571428571428571, 0.35714285714285715, 0.32142857142857145, 0.2857142857142857]}
01-02-2018:20:36:36,375 INFO     [lda.py:115] L = [[0, 0, 0, 0, 0, 0, 0], [1, 0, 0, 0, 0, 0, 0], [1, 1, 1, 1, 1, 1, 1, 1, 0, 0, 1, 1], [1, 1, 1, 1, 1, 0, 1, 1, 0, 1, 0]]
01-02-2018:20:36:36,375 INFO     [lda.py:127] p_docs_t_dist = {0: [0.8888888888888888, 0.1111111111111111], 1: [0.7777777777777778, 0.2222222222222222], 2: [0.21428571428571427, 0.7857142857142857], 3: [0.3076923076923077, 0.6923076923076923]}
01-02-2018:20:36:36,375 INFO     [lda.py:139] p_topics_v_dist = {0: [0.5454545454545454, 0.2727272727272727, 0.09090909090909091, 0.09090909090909091], 1: [0.043478260869565216, 0.2608695652173913, 0.391304347826087, 0.30434782608695654]}
01-02-2018:20:36:36,375 INFO     [lda.py:115] L = [[0, 0, 0, 0, 0, 0, 0], [0, 0, 0, 0, 0, 0, 1], [1, 1, 1, 0, 1, 1, 1, 1, 1, 1, 1, 1], [1, 1, 1, 1, 1, 1, 1, 1, 1, 1, 1]]
01-02-2018:20:36:36,375 INFO     [lda.py:127] p_docs_t_dist = {0: [0.8888888888888888, 0.1111111111111111], 1: [0.7777777777777778, 0.2222222222222222], 2: [0.14285714285714285, 0.8571428571428571], 3: [0.07692307692307693, 0.9230769230769231]}
01-02-2018:20:36:36,375 INFO     [lda.py:139] p_topics_v_dist = {0: [0.6666666666666666, 0.16666666666666666, 0.1111111111111111, 0.05555555555555555], 1: [0.037037037037037035, 0.3333333333333333, 0.3333333333333333, 0.2962962962962963]}
01-02-2018:20:36:36,376 INFO     [lda.py:115] L = [[0, 0, 0, 0, 0, 0, 1], [1, 0, 0, 0, 0, 0, 1], [1, 1, 1, 1, 1, 1, 1, 1, 1, 1, 1, 1], [1, 1, 1, 1, 1, 1, 1, 1, 1, 1, 1]]
01-02-2018:20:36:36,376 INFO     [lda.py:127] p_docs_t_dist = {0: [0.7777777777777778, 0.2222222222222222], 1: [0.6666666666666666, 0.3333333333333333], 2: [0.07142857142857142, 0.9285714285714286], 3: [0.07692307692307693, 0.9230769230769231]}
01-02-2018:20:36:36,376 INFO     [lda.py:139] p_topics_v_dist = {0: [0.8, 0.06666666666666667, 0.06666666666666667, 0.06666666666666667], 1: [0.03333333333333333, 0.36666666666666664, 0.3333333333333333, 0.26666666666666666]}
01-02-2018:20:36:36,646 INFO     [lda.py:115] L = [[0, 0, 0, 0, 0, 0, 0], [0, 0, 0, 0, 0, 0, 0], [1, 1, 1, 1, 1, 1, 1, 1, 1, 1, 1, 1], [1, 1, 1, 1, 1, 1, 1, 1, 1, 1, 1]]
01-02-2018:20:36:36,646 INFO     [lda.py:127] p_docs_t_dist = {0: [0.8888888888888888, 0.1111111111111111], 1: [0.8888888888888888, 0.1111111111111111], 2: [0.07142857142857142, 0.9285714285714286], 3: [0.07692307692307693, 0.9230769230769231]}
01-02-2018:20:36:36,646 INFO     [lda.py:139] p_topics_v_dist = {0: [0.6666666666666666, 0.16666666666666666, 0.1111111111111111, 0.05555555555555555], 1: [0.037037037037037035, 0.3333333333333333, 0.3333333333333333, 0.2962962962962963]}
01-02-2018:20:36:36,646 INFO     [lda.py:115] L = [[0, 0, 0, 0, 0, 0, 0], [0, 0, 0, 0, 0, 0, 0], [1, 0, 1, 1, 1, 1, 1, 0, 1, 1, 0, 0], [1, 1, 1, 1, 1, 1, 1, 0, 1, 1, 1]]
01-02-2018:20:36:36,647 INFO     [lda.py:127] p_docs_t_dist = {0: [0.8888888888888888, 0.1111111111111111], 1: [0.8888888888888888, 0.1111111111111111], 2: [0.35714285714285715, 0.6428571428571429], 3: [0.15384615384615385, 0.8461538461538461]}
01-02-2018:20:36:36,647 INFO     [lda.py:139] p_topics_v_dist = {0: [0.5217391304347826, 0.2608695652173913, 0.17391304347826086, 0.043478260869565216], 1: [0.045454545454545456, 0.2727272727272727, 0.3181818181818182, 0.36363636363636365]}
01-02-2018:20:36:36,647 INFO     [lda.py:115] L = [[0, 0, 0, 0, 0, 0, 1], [0, 0, 0, 0, 0, 0, 0], [1, 1, 1, 1, 0, 1, 1, 1, 1, 1, 1, 1], [1, 1, 1, 1, 1, 1, 1, 1, 1, 1, 1]]
01-02-2018:20:36:36,647 INFO     [lda.py:127] p_docs_t_dist = {0: [0.7777777777777778, 0.2222222222222222], 1: [0.8888888888888888, 0.1111111111111111], 2: [0.14285714285714285, 0.8571428571428571], 3: [0.07692307692307693, 0.9230769230769231]}
01-02-2018:20:36:36,647 INFO     [lda.py:139] p_topics_v_dist = {0: [0.6666666666666666, 0.1111111111111111, 0.16666666666666666, 0.05555555555555555], 1: [0.037037037037037035, 0.37037037037037035, 0.2962962962962963, 0.2962962962962963]}
01-02-2018:20:36:36,647 INFO     [lda.py:115] L = [[0, 0, 0, 0, 0, 0, 0], [0, 0, 0, 0, 0, 0, 0], [1, 1, 1, 1, 1, 1, 1, 1, 1, 1, 1, 1], [1, 1, 1, 1, 1, 1, 1, 1, 1, 1, 1]]
01-02-2018:20:36:36,647 INFO     [lda.py:127] p_docs_t_dist = {0: [0.8888888888888888, 0.1111111111111111], 1: [0.8888888888888888, 0.1111111111111111], 2: [0.07142857142857142, 0.9285714285714286], 3: [0.07692307692307693, 0.9230769230769231]}
01-02-2018:20:36:36,648 INFO     [lda.py:139] p_topics_v_dist = {0: [0.6666666666666666, 0.16666666666666666, 0.1111111111111111, 0.05555555555555555], 1: [0.037037037037037035, 0.3333333333333333, 0.3333333333333333, 0.2962962962962963]}
01-02-2018:20:36:36,648 INFO     [lda.py:115] L = [[0, 0, 0, 0, 0, 0, 0], [0, 0, 0, 0, 0, 0, 1], [1, 1, 1, 1, 1, 1, 1, 1, 1, 1, 0, 1], [1, 1, 1, 1, 1, 1, 1, 1, 1, 1, 1]]
01-02-2018:20:36:36,648 INFO     [lda.py:127] p_docs_t_dist = {0: [0.8888888888888888, 0.1111111111111111], 1: [0.7777777777777778, 0.2222222222222222], 2: [0.14285714285714285, 0.8571428571428571], 3: [0.07692307692307693, 0.9230769230769231]}
01-02-2018:20:36:36,648 INFO     [lda.py:139] p_topics_v_dist = {0: [0.6666666666666666, 0.2222222222222222, 0.05555555555555555, 0.05555555555555555], 1: [0.037037037037037035, 0.2962962962962963, 0.37037037037037035, 0.2962962962962963]}
01-02-2018:20:36:36,968 INFO     [lda.py:115] L = [[0, 0, 0, 0, 0, 0, 0], [1, 0, 0, 0, 0, 0, 0], [1, 1, 1, 1, 1, 1, 1, 1, 1, 1, 1, 1], [1, 1, 1, 1, 1, 1, 1, 1, 1, 1, 1]]
01-02-2018:20:36:36,968 INFO     [lda.py:127] p_docs_t_dist = {0: [0.8888888888888888, 0.1111111111111111], 1: [0.7777777777777778, 0.2222222222222222], 2: [0.07142857142857142, 0.9285714285714286], 3: [0.07692307692307693, 0.9230769230769231]}
01-02-2018:20:36:36,968 INFO     [lda.py:139] p_topics_v_dist = {0: [0.7058823529411765, 0.11764705882352941, 0.11764705882352941, 0.058823529411764705], 1: [0.03571428571428571, 0.35714285714285715, 0.32142857142857145, 0.2857142857142857]}
01-02-2018:20:36:36,968 INFO     [lda.py:115] L = [[0, 0, 0, 0, 0, 0, 1], [0, 0, 0, 0, 0, 0, 0], [1, 1, 1, 1, 1, 1, 1, 1, 1, 1, 1, 1], [1, 1, 1, 0, 0, 1, 1, 1, 1, 1, 1]]
01-02-2018:20:36:36,968 INFO     [lda.py:127] p_docs_t_dist = {0: [0.7777777777777778, 0.2222222222222222], 1: [0.8888888888888888, 0.1111111111111111], 2: [0.07142857142857142, 0.9285714285714286], 3: [0.23076923076923078, 0.7692307692307693]}
01-02-2018:20:36:36,968 INFO     [lda.py:139] p_topics_v_dist = {0: [0.631578947368421, 0.10526315789473684, 0.21052631578947367, 0.05263157894736842], 1: [0.038461538461538464, 0.38461538461538464, 0.2692307692307692, 0.3076923076923077]}
01-02-2018:20:36:36,969 INFO     [lda.py:115] L = [[0, 0, 0, 0, 0, 0, 0], [0, 0, 0, 0, 0, 0, 0], [1, 1, 1, 1, 1, 1, 1, 1, 1, 1, 1, 1], [1, 0, 1, 1, 1, 1, 1, 1, 1, 1, 1]]
01-02-2018:20:36:36,969 INFO     [lda.py:127] p_docs_t_dist = {0: [0.8888888888888888, 0.1111111111111111], 1: [0.8888888888888888, 0.1111111111111111], 2: [0.07142857142857142, 0.9285714285714286], 3: [0.15384615384615385, 0.8461538461538461]}
01-02-2018:20:36:36,969 INFO     [lda.py:139] p_topics_v_dist = {0: [0.631578947368421, 0.15789473684210525, 0.10526315789473684, 0.10526315789473684], 1: [0.038461538461538464, 0.34615384615384615, 0.34615384615384615, 0.2692307692307692]}
01-02-2018:20:36:36,969 INFO     [lda.py:115] L = [[0, 0, 0, 0, 0, 0, 1], [0, 0, 0, 0, 0, 0, 1], [1, 1, 1, 1, 1, 1, 1, 1, 1, 0, 1, 1], [1, 1, 1, 1, 1, 1, 1, 1, 1, 1, 1]]
01-02-2018:20:36:36,969 INFO     [lda.py:127] p_docs_t_dist = {0: [0.7777777777777778, 0.2222222222222222], 1: [0.7777777777777778, 0.2222222222222222], 2: [0.14285714285714285, 0.8571428571428571], 3: [0.07692307692307693, 0.9230769230769231]}
01-02-2018:20:36:36,969 INFO     [lda.py:139] p_topics_v_dist = {0: [0.7058823529411765, 0.17647058823529413, 0.058823529411764705, 0.058823529411764705], 1: [0.03571428571428571, 0.32142857142857145, 0.35714285714285715, 0.2857142857142857]}
01-02-2018:20:36:36,970 INFO     [lda.py:115] L = [[0, 0, 0, 0, 0, 0, 0], [1, 1, 0, 0, 0, 0, 1], [1, 1, 1, 1, 1, 1, 1, 1, 1, 0, 1, 1], [1, 1, 1, 1, 1, 1, 1, 1, 1, 1, 1]]
01-02-2018:20:36:36,970 INFO     [lda.py:127] p_docs_t_dist = {0: [0.8888888888888888, 0.1111111111111111], 1: [0.5555555555555556, 0.4444444444444444], 2: [0.14285714285714285, 0.8571428571428571], 3: [0.07692307692307693, 0.9230769230769231]}
01-02-2018:20:36:36,970 INFO     [lda.py:139] p_topics_v_dist = {0: [0.6875, 0.1875, 0.0625, 0.0625], 1: [0.06896551724137931, 0.3103448275862069, 0.3448275862068966, 0.27586206896551724]}
01-02-2018:20:36:37,336 INFO     [lda.py:115] L = [[0, 0, 0, 0, 0, 0, 1], [0, 0, 0, 0, 0, 0, 1], [1, 1, 1, 1, 1, 1, 1, 1, 1, 1, 1, 1], [1, 1, 1, 1, 1, 1, 1, 1, 1, 1, 1]]
01-02-2018:20:36:37,336 INFO     [lda.py:127] p_docs_t_dist = {0: [0.7777777777777778, 0.2222222222222222], 1: [0.7777777777777778, 0.2222222222222222], 2: [0.07142857142857142, 0.9285714285714286], 3: [0.07692307692307693, 0.9230769230769231]}
01-02-2018:20:36:37,336 INFO     [lda.py:139] p_topics_v_dist = {0: [0.75, 0.125, 0.0625, 0.0625], 1: [0.034482758620689655, 0.3448275862068966, 0.3448275862068966, 0.27586206896551724]}
01-02-2018:20:36:37,337 INFO     [lda.py:115] L = [[0, 0, 0, 0, 0, 0, 1], [1, 0, 0, 0, 0, 0, 1], [1, 1, 1, 1, 1, 1, 1, 1, 1, 1, 1, 1], [1, 1, 1, 1, 1, 1, 1, 1, 1, 1, 1]]
01-02-2018:20:36:37,337 INFO     [lda.py:127] p_docs_t_dist = {0: [0.7777777777777778, 0.2222222222222222], 1: [0.6666666666666666, 0.3333333333333333], 2: [0.07142857142857142, 0.9285714285714286], 3: [0.07692307692307693, 0.9230769230769231]}
01-02-2018:20:36:37,337 INFO     [lda.py:139] p_topics_v_dist = {0: [0.8, 0.06666666666666667, 0.06666666666666667, 0.06666666666666667], 1: [0.03333333333333333, 0.36666666666666664, 0.3333333333333333, 0.26666666666666666]}
01-02-2018:20:36:37,337 INFO     [lda.py:115] L = [[0, 0, 0, 0, 0, 0, 0], [0, 0, 0, 0, 0, 0, 1], [1, 1, 1, 1, 1, 1, 1, 1, 1, 1, 1, 1], [1, 1, 1, 1, 1, 1, 0, 1, 1, 1, 1]]
01-02-2018:20:36:37,337 INFO     [lda.py:127] p_docs_t_dist = {0: [0.8888888888888888, 0.1111111111111111], 1: [0.7777777777777778, 0.2222222222222222], 2: [0.07142857142857142, 0.9285714285714286], 3: [0.15384615384615385, 0.8461538461538461]}
01-02-2018:20:36:37,337 INFO     [lda.py:139] p_topics_v_dist = {0: [0.6666666666666666, 0.16666666666666666, 0.05555555555555555, 0.1111111111111111], 1: [0.037037037037037035, 0.3333333333333333, 0.37037037037037035, 0.25925925925925924]}
01-02-2018:20:36:37,338 INFO     [lda.py:115] L = [[0, 0, 0, 0, 0, 0, 1], [0, 0, 0, 0, 0, 0, 0], [1, 1, 1, 1, 1, 1, 1, 1, 1, 1, 1, 1], [1, 1, 1, 1, 1, 1, 1, 0, 1, 1, 1]]
01-02-2018:20:36:37,338 INFO     [lda.py:127] p_docs_t_dist = {0: [0.7777777777777778, 0.2222222222222222], 1: [0.8888888888888888, 0.1111111111111111], 2: [0.07142857142857142, 0.9285714285714286], 3: [0.15384615384615385, 0.8461538461538461]}
01-02-2018:20:36:37,338 INFO     [lda.py:139] p_topics_v_dist = {0: [0.6666666666666666, 0.16666666666666666, 0.1111111111111111, 0.05555555555555555], 1: [0.037037037037037035, 0.3333333333333333, 0.3333333333333333, 0.2962962962962963]}
01-02-2018:20:36:37,338 INFO     [lda.py:115] L = [[0, 0, 0, 0, 0, 0, 0], [0, 1, 0, 1, 0, 0, 1], [1, 1, 1, 1, 1, 1, 1, 1, 1, 1, 0, 1], [1, 1, 1, 1, 1, 1, 1, 1, 1, 1, 1]]
01-02-2018:20:36:37,338 INFO     [lda.py:127] p_docs_t_dist = {0: [0.8888888888888888, 0.1111111111111111], 1: [0.5555555555555556, 0.4444444444444444], 2: [0.14285714285714285, 0.8571428571428571], 3: [0.07692307692307693, 0.9230769230769231]}
01-02-2018:20:36:37,338 INFO     [lda.py:139] p_topics_v_dist = {0: [0.625, 0.25, 0.0625, 0.0625], 1: [0.10344827586206896, 0.27586206896551724, 0.3448275862068966, 0.27586206896551724]}
01-02-2018:20:36:37,752 INFO     [lda.py:115] L = [[0, 0, 0, 0, 0, 0, 0], [1, 0, 0, 0, 0, 0, 1], [1, 1, 1, 1, 1, 1, 1, 1, 1, 1, 0, 1], [1, 1, 1, 1, 1, 1, 1, 1, 1, 1, 1]]
01-02-2018:20:36:37,752 INFO     [lda.py:127] p_docs_t_dist = {0: [0.8888888888888888, 0.1111111111111111], 1: [0.6666666666666666, 0.3333333333333333], 2: [0.14285714285714285, 0.8571428571428571], 3: [0.07692307692307693, 0.9230769230769231]}
01-02-2018:20:36:37,752 INFO     [lda.py:139] p_topics_v_dist = {0: [0.7058823529411765, 0.17647058823529413, 0.058823529411764705, 0.058823529411764705], 1: [0.03571428571428571, 0.32142857142857145, 0.35714285714285715, 0.2857142857142857]}
01-02-2018:20:36:37,752 INFO     [lda.py:115] L = [[0, 0, 0, 0, 0, 0, 1], [0, 0, 0, 0, 0, 0, 0], [1, 1, 1, 1, 0, 1, 1, 0, 1, 1, 1, 1], [1, 1, 1, 1, 0, 1, 1, 1, 1, 1, 1]]
01-02-2018:20:36:37,753 INFO     [lda.py:127] p_docs_t_dist = {0: [0.7777777777777778, 0.2222222222222222], 1: [0.8888888888888888, 0.1111111111111111], 2: [0.21428571428571427, 0.7857142857142857], 3: [0.15384615384615385, 0.8461538461538461]}
01-02-2018:20:36:37,753 INFO     [lda.py:139] p_topics_v_dist = {0: [0.6, 0.1, 0.25, 0.05], 1: [0.04, 0.4, 0.24, 0.32]}
01-02-2018:20:36:37,753 INFO     [lda.py:115] L = [[0, 0, 0, 0, 0, 0, 1], [1, 0, 0, 0, 0, 0, 0], [1, 0, 1, 1, 1, 1, 1, 1, 1, 1, 1, 1], [1, 1, 1, 1, 1, 1, 0, 1, 1, 1, 1]]
01-02-2018:20:36:37,753 INFO     [lda.py:127] p_docs_t_dist = {0: [0.7777777777777778, 0.2222222222222222], 1: [0.7777777777777778, 0.2222222222222222], 2: [0.14285714285714285, 0.8571428571428571], 3: [0.15384615384615385, 0.8461538461538461]}
01-02-2018:20:36:37,753 INFO     [lda.py:139] p_topics_v_dist = {0: [0.6666666666666666, 0.05555555555555555, 0.16666666666666666, 0.1111111111111111], 1: [0.037037037037037035, 0.4074074074074074, 0.2962962962962963, 0.25925925925925924]}
01-02-2018:20:36:37,753 INFO     [lda.py:115] L = [[0, 0, 0, 0, 0, 0, 1], [1, 0, 0, 0, 0, 0, 0], [1, 1, 0, 1, 1, 1, 1, 1, 1, 1, 1, 1], [1, 1, 1, 1, 0, 1, 1, 1, 1, 1, 1]]
01-02-2018:20:36:37,753 INFO     [lda.py:127] p_docs_t_dist = {0: [0.7777777777777778, 0.2222222222222222], 1: [0.7777777777777778, 0.2222222222222222], 2: [0.14285714285714285, 0.8571428571428571], 3: [0.15384615384615385, 0.8461538461538461]}
01-02-2018:20:36:37,754 INFO     [lda.py:139] p_topics_v_dist = {0: [0.6666666666666666, 0.05555555555555555, 0.16666666666666666, 0.1111111111111111], 1: [0.037037037037037035, 0.4074074074074074, 0.2962962962962963, 0.25925925925925924]}
01-02-2018:20:36:37,754 INFO     [lda.py:115] L = [[0, 0, 0, 0, 0, 0, 0], [0, 0, 0, 0, 0, 0, 0], [1, 1, 1, 1, 1, 1, 1, 0, 1, 1, 1, 1], [1, 1, 1, 1, 1, 1, 1, 1, 1, 1, 1]]
01-02-2018:20:36:37,754 INFO     [lda.py:127] p_docs_t_dist = {0: [0.8888888888888888, 0.1111111111111111], 1: [0.8888888888888888, 0.1111111111111111], 2: [0.14285714285714285, 0.8571428571428571], 3: [0.07692307692307693, 0.9230769230769231]}
01-02-2018:20:36:37,754 INFO     [lda.py:139] p_topics_v_dist = {0: [0.631578947368421, 0.15789473684210525, 0.15789473684210525, 0.05263157894736842], 1: [0.038461538461538464, 0.34615384615384615, 0.3076923076923077, 0.3076923076923077]}
01-02-2018:20:36:38,214 INFO     [lda.py:115] L = [[0, 0, 0, 0, 0, 0, 0], [0, 0, 0, 0, 0, 0, 0], [1, 0, 1, 1, 1, 1, 0, 1, 1, 1, 1, 1], [1, 1, 1, 1, 1, 1, 1, 1, 1, 1, 0]]
01-02-2018:20:36:38,214 INFO     [lda.py:127] p_docs_t_dist = {0: [0.8888888888888888, 0.1111111111111111], 1: [0.8888888888888888, 0.1111111111111111], 2: [0.21428571428571427, 0.7857142857142857], 3: [0.15384615384615385, 0.8461538461538461]}
01-02-2018:20:36:38,214 INFO     [lda.py:139] p_topics_v_dist = {0: [0.5714285714285714, 0.19047619047619047, 0.14285714285714285, 0.09523809523809523], 1: [0.041666666666666664, 0.3333333333333333, 0.3333333333333333, 0.2916666666666667]}
01-02-2018:20:36:38,214 INFO     [lda.py:115] L = [[0, 0, 0, 0, 0, 0, 0], [0, 0, 0, 0, 0, 0, 1], [1, 1, 1, 1, 1, 1, 1, 1, 1, 1, 0, 0], [1, 1, 1, 0, 1, 1, 1, 1, 1, 0, 1]]
01-02-2018:20:36:38,214 INFO     [lda.py:127] p_docs_t_dist = {0: [0.8888888888888888, 0.1111111111111111], 1: [0.7777777777777778, 0.2222222222222222], 2: [0.21428571428571427, 0.7857142857142857], 3: [0.23076923076923078, 0.7692307692307693]}
01-02-2018:20:36:38,215 INFO     [lda.py:139] p_topics_v_dist = {0: [0.5714285714285714, 0.2857142857142857, 0.09523809523809523, 0.047619047619047616], 1: [0.041666666666666664, 0.25, 0.375, 0.3333333333333333]}
01-02-2018:20:36:38,215 INFO     [lda.py:115] L = [[0, 0, 0, 0, 0, 0, 0], [0, 0, 0, 0, 0, 0, 0], [1, 1, 1, 1, 1, 1, 1, 1, 0, 0, 1, 1], [1, 1, 1, 1, 1, 1, 1, 1, 1, 1, 1]]
01-02-2018:20:36:38,215 INFO     [lda.py:127] p_docs_t_dist = {0: [0.8888888888888888, 0.1111111111111111], 1: [0.8888888888888888, 0.1111111111111111], 2: [0.21428571428571427, 0.7857142857142857], 3: [0.07692307692307693, 0.9230769230769231]}
01-02-2018:20:36:38,215 INFO     [lda.py:139] p_topics_v_dist = {0: [0.6, 0.25, 0.1, 0.05], 1: [0.04, 0.28, 0.36, 0.32]}
01-02-2018:20:36:38,215 INFO     [lda.py:115] L = [[0, 0, 0, 0, 0, 0, 0], [0, 0, 0, 0, 0, 0, 1], [1, 0, 1, 0, 1, 1, 1, 1, 1, 1, 1, 1], [1, 1, 1, 1, 1, 0, 1, 1, 1, 1, 1]]
01-02-2018:20:36:38,215 INFO     [lda.py:127] p_docs_t_dist = {0: [0.8888888888888888, 0.1111111111111111], 1: [0.7777777777777778, 0.2222222222222222], 2: [0.21428571428571427, 0.7857142857142857], 3: [0.15384615384615385, 0.8461538461538461]}
01-02-2018:20:36:38,215 INFO     [lda.py:139] p_topics_v_dist = {0: [0.6, 0.15, 0.15, 0.1], 1: [0.04, 0.36, 0.32, 0.28]}
01-02-2018:20:36:38,216 INFO     [lda.py:115] L = [[0, 0, 0, 0, 0, 0, 0], [1, 0, 0, 0, 0, 0, 1], [1, 1, 1, 1, 1, 1, 1, 1, 1, 1, 1, 1], [1, 1, 1, 1, 1, 1, 1, 1, 1, 1, 1]]
01-02-2018:20:36:38,216 INFO     [lda.py:127] p_docs_t_dist = {0: [0.8888888888888888, 0.1111111111111111], 1: [0.6666666666666666, 0.3333333333333333], 2: [0.07142857142857142, 0.9285714285714286], 3: [0.07692307692307693, 0.9230769230769231]}
01-02-2018:20:36:38,216 INFO     [lda.py:139] p_topics_v_dist = {0: [0.75, 0.125, 0.0625, 0.0625], 1: [0.034482758620689655, 0.3448275862068966, 0.3448275862068966, 0.27586206896551724]}
01-02-2018:20:36:38,723 INFO     [lda.py:115] L = [[0, 0, 0, 0, 0, 0, 1], [1, 0, 0, 0, 0, 0, 0], [1, 1, 1, 1, 1, 1, 1, 1, 1, 1, 1, 1], [1, 1, 1, 1, 1, 1, 1, 1, 1, 1, 1]]
01-02-2018:20:36:38,723 INFO     [lda.py:127] p_docs_t_dist = {0: [0.7777777777777778, 0.2222222222222222], 1: [0.7777777777777778, 0.2222222222222222], 2: [0.07142857142857142, 0.9285714285714286], 3: [0.07692307692307693, 0.9230769230769231]}
01-02-2018:20:36:38,723 INFO     [lda.py:139] p_topics_v_dist = {0: [0.75, 0.0625, 0.125, 0.0625], 1: [0.034482758620689655, 0.3793103448275862, 0.3103448275862069, 0.27586206896551724]}
01-02-2018:20:36:38,724 INFO     [lda.py:115] L = [[0, 0, 1, 0, 0, 0, 0], [1, 0, 0, 0, 0, 0, 0], [1, 1, 1, 1, 1, 1, 1, 1, 1, 1, 0, 1], [1, 1, 1, 1, 1, 1, 1, 1, 1, 1, 0]]
01-02-2018:20:36:38,724 INFO     [lda.py:127] p_docs_t_dist = {0: [0.7777777777777778, 0.2222222222222222], 1: [0.7777777777777778, 0.2222222222222222], 2: [0.14285714285714285, 0.8571428571428571], 3: [0.15384615384615385, 0.8461538461538461]}
01-02-2018:20:36:38,724 INFO     [lda.py:139] p_topics_v_dist = {0: [0.6111111111111112, 0.2222222222222222, 0.1111111111111111, 0.05555555555555555], 1: [0.07407407407407407, 0.2962962962962963, 0.3333333333333333, 0.2962962962962963]}
01-02-2018:20:36:38,724 INFO     [lda.py:115] L = [[0, 0, 0, 0, 0, 0, 1], [0, 0, 0, 0, 0, 0, 1], [1, 1, 0, 1, 1, 1, 1, 1, 0, 0, 1, 1], [1, 1, 1, 1, 1, 1, 1, 1, 1, 1, 1]]
01-02-2018:20:36:38,724 INFO     [lda.py:127] p_docs_t_dist = {0: [0.7777777777777778, 0.2222222222222222], 1: [0.7777777777777778, 0.2222222222222222], 2: [0.2857142857142857, 0.7142857142857143], 3: [0.07692307692307693, 0.9230769230769231]}
01-02-2018:20:36:38,724 INFO     [lda.py:139] p_topics_v_dist = {0: [0.631578947368421, 0.21052631578947367, 0.05263157894736842, 0.10526315789473684], 1: [0.038461538461538464, 0.3076923076923077, 0.38461538461538464, 0.2692307692307692]}
01-02-2018:20:36:38,725 INFO     [lda.py:115] L = [[0, 0, 0, 0, 0, 0, 0], [0, 0, 0, 0, 0, 0, 0], [0, 1, 1, 1, 0, 1, 1, 0, 1, 1, 1, 1], [1, 1, 1, 1, 1, 1, 1, 1, 1, 1, 1]]
01-02-2018:20:36:38,725 INFO     [lda.py:127] p_docs_t_dist = {0: [0.8888888888888888, 0.1111111111111111], 1: [0.8888888888888888, 0.1111111111111111], 2: [0.2857142857142857, 0.7142857142857143], 3: [0.07692307692307693, 0.9230769230769231]}
01-02-2018:20:36:38,725 INFO     [lda.py:139] p_topics_v_dist = {0: [0.5714285714285714, 0.14285714285714285, 0.23809523809523808, 0.047619047619047616], 1: [0.041666666666666664, 0.375, 0.25, 0.3333333333333333]}
01-02-2018:20:36:38,725 INFO     [lda.py:115] L = [[0, 0, 0, 0, 0, 0, 0], [0, 0, 0, 0, 0, 0, 0], [1, 1, 1, 1, 1, 1, 1, 1, 1, 1, 1, 1], [1, 1, 1, 1, 1, 1, 1, 1, 1, 1, 0]]
01-02-2018:20:36:38,725 INFO     [lda.py:127] p_docs_t_dist = {0: [0.8888888888888888, 0.1111111111111111], 1: [0.8888888888888888, 0.1111111111111111], 2: [0.07142857142857142, 0.9285714285714286], 3: [0.15384615384615385, 0.8461538461538461]}
01-02-2018:20:36:38,725 INFO     [lda.py:139] p_topics_v_dist = {0: [0.631578947368421, 0.21052631578947367, 0.10526315789473684, 0.05263157894736842], 1: [0.038461538461538464, 0.3076923076923077, 0.34615384615384615, 0.3076923076923077]}
01-02-2018:20:36:39,281 INFO     [lda.py:115] L = [[0, 0, 0, 0, 0, 0, 0], [1, 0, 0, 0, 0, 0, 0], [1, 1, 1, 1, 1, 1, 1, 1, 1, 0, 0, 1], [1, 1, 1, 1, 1, 1, 1, 0, 0, 1, 0]]
01-02-2018:20:36:39,281 INFO     [lda.py:127] p_docs_t_dist = {0: [0.8888888888888888, 0.1111111111111111], 1: [0.7777777777777778, 0.2222222222222222], 2: [0.21428571428571427, 0.7857142857142857], 3: [0.3076923076923077, 0.6923076923076923]}
01-02-2018:20:36:39,281 INFO     [lda.py:139] p_topics_v_dist = {0: [0.5454545454545454, 0.3181818181818182, 0.09090909090909091, 0.045454545454545456], 1: [0.043478260869565216, 0.21739130434782608, 0.391304347826087, 0.34782608695652173]}
01-02-2018:20:36:39,282 INFO     [lda.py:115] L = [[0, 0, 0, 0, 0, 0, 0], [0, 0, 0, 0, 0, 0, 1], [1, 1, 1, 1, 1, 1, 1, 1, 1, 1, 1, 1], [1, 1, 1, 1, 0, 1, 1, 0, 1, 1, 1]]
01-02-2018:20:36:39,282 INFO     [lda.py:127] p_docs_t_dist = {0: [0.8888888888888888, 0.1111111111111111], 1: [0.7777777777777778, 0.2222222222222222], 2: [0.07142857142857142, 0.9285714285714286], 3: [0.23076923076923078, 0.7692307692307693]}
01-02-2018:20:36:39,282 INFO     [lda.py:139] p_topics_v_dist = {0: [0.631578947368421, 0.21052631578947367, 0.10526315789473684, 0.05263157894736842], 1: [0.038461538461538464, 0.3076923076923077, 0.34615384615384615, 0.3076923076923077]}
01-02-2018:20:36:39,283 INFO     [lda.py:115] L = [[0, 0, 0, 0, 0, 0, 0], [1, 0, 0, 0, 0, 0, 1], [1, 1, 1, 1, 1, 1, 1, 1, 1, 1, 1, 1], [1, 1, 1, 0, 1, 1, 1, 1, 1, 0, 1]]
01-02-2018:20:36:39,283 INFO     [lda.py:127] p_docs_t_dist = {0: [0.8888888888888888, 0.1111111111111111], 1: [0.6666666666666666, 0.3333333333333333], 2: [0.07142857142857142, 0.9285714285714286], 3: [0.23076923076923078, 0.7692307692307693]}
01-02-2018:20:36:39,283 INFO     [lda.py:139] p_topics_v_dist = {0: [0.6666666666666666, 0.16666666666666666, 0.1111111111111111, 0.05555555555555555], 1: [0.037037037037037035, 0.3333333333333333, 0.3333333333333333, 0.2962962962962963]}
01-02-2018:20:36:39,284 INFO     [lda.py:115] L = [[0, 0, 0, 0, 0, 0, 0], [1, 0, 0, 0, 0, 0, 0], [1, 1, 1, 1, 1, 1, 1, 1, 1, 1, 1, 1], [1, 1, 1, 1, 1, 1, 1, 1, 1, 1, 1]]
01-02-2018:20:36:39,284 INFO     [lda.py:127] p_docs_t_dist = {0: [0.8888888888888888, 0.1111111111111111], 1: [0.7777777777777778, 0.2222222222222222], 2: [0.07142857142857142, 0.9285714285714286], 3: [0.07692307692307693, 0.9230769230769231]}
01-02-2018:20:36:39,284 INFO     [lda.py:139] p_topics_v_dist = {0: [0.7058823529411765, 0.11764705882352941, 0.11764705882352941, 0.058823529411764705], 1: [0.03571428571428571, 0.35714285714285715, 0.32142857142857145, 0.2857142857142857]}
01-02-2018:20:39:54,532 INFO     [lda.py:77] N_vt = {'y': {0: 5, 1: 4}, 'b': {0: 5, 1: 5}, 'a': {0: 7, 1: 4}, 'z': {0: 3, 1: 4}}
01-02-2018:20:39:54,533 INFO     [lda.py:78] N_t = {0: 20, 1: 17}
01-02-2018:20:39:54,533 INFO     [lda.py:79] N_d = {0: 7, 1: 7, 2: 12, 3: 11}
01-02-2018:20:39:54,533 INFO     [lda.py:80] N_dt = {0: {0: 4, 1: 3}, 1: {0: 5, 1: 2}, 2: {0: 7, 1: 5}, 3: {0: 4, 1: 7}}
01-02-2018:20:39:54,533 INFO     [lda.py:139] p_topics_v_dist = {0: [0.3333333333333333, 0.25, 0.25, 0.16666666666666666], 1: [0.23809523809523808, 0.2857142857142857, 0.23809523809523808, 0.23809523809523808]}
01-02-2018:20:39:54,755 INFO     [lda.py:115] L = [[0, 0, 0, 0, 1, 1, 0], [1, 0, 1, 0, 0, 0, 1], [0, 1, 0, 1, 1, 1, 1, 1, 1, 1, 0, 0], [0, 0, 0, 1, 1, 0, 0, 1, 0, 0, 1]]
01-02-2018:20:39:54,755 INFO     [lda.py:127] p_docs_t_dist = {0: [0.6666666666666666, 0.3333333333333333], 1: [0.5555555555555556, 0.4444444444444444], 2: [0.35714285714285715, 0.6428571428571429], 3: [0.6153846153846154, 0.38461538461538464]}
01-02-2018:20:39:54,755 INFO     [lda.py:139] p_topics_v_dist = {0: [0.375, 0.25, 0.08333333333333333, 0.2916666666666667], 1: [0.19047619047619047, 0.2857142857142857, 0.42857142857142855, 0.09523809523809523]}
01-02-2018:20:39:54,756 INFO     [lda.py:115] L = [[0, 0, 0, 0, 0, 0, 0], [1, 0, 0, 0, 1, 1, 1], [1, 1, 1, 0, 1, 1, 0, 1, 1, 0, 1, 1], [0, 1, 0, 1, 1, 0, 0, 0, 1, 1, 0]]
01-02-2018:20:39:54,756 INFO     [lda.py:127] p_docs_t_dist = {0: [0.8888888888888888, 0.1111111111111111], 1: [0.4444444444444444, 0.5555555555555556], 2: [0.2857142857142857, 0.7142857142857143], 3: [0.5384615384615384, 0.46153846153846156]}
01-02-2018:20:39:54,756 INFO     [lda.py:139] p_topics_v_dist = {0: [0.43478260869565216, 0.21739130434782608, 0.08695652173913043, 0.2608695652173913], 1: [0.13636363636363635, 0.3181818181818182, 0.4090909090909091, 0.13636363636363635]}
01-02-2018:20:39:54,756 INFO     [lda.py:115] L = [[0, 0, 1, 0, 0, 0, 1], [0, 1, 0, 0, 0, 0, 1], [1, 1, 0, 1, 1, 1, 1, 1, 1, 1, 0, 0], [0, 0, 0, 1, 1, 0, 0, 1, 0, 1, 1]]
01-02-2018:20:39:54,756 INFO     [lda.py:127] p_docs_t_dist = {0: [0.6666666666666666, 0.3333333333333333], 1: [0.6666666666666666, 0.3333333333333333], 2: [0.2857142857142857, 0.7142857142857143], 3: [0.5384615384615384, 0.46153846153846156]}
01-02-2018:20:39:54,757 INFO     [lda.py:139] p_topics_v_dist = {0: [0.43478260869565216, 0.21739130434782608, 0.043478260869565216, 0.30434782608695654], 1: [0.13636363636363635, 0.3181818181818182, 0.45454545454545453, 0.09090909090909091]}
01-02-2018:20:39:54,757 INFO     [lda.py:115] L = [[1, 0, 0, 0, 1, 0, 0], [0, 0, 0, 0, 1, 0, 0], [1, 1, 1, 0, 1, 1, 0, 1, 1, 1, 1, 1], [0, 1, 0, 1, 1, 1, 1, 0, 1, 1, 0]]
01-02-2018:20:39:54,757 INFO     [lda.py:127] p_docs_t_dist = {0: [0.6666666666666666, 0.3333333333333333], 1: [0.7777777777777778, 0.2222222222222222], 2: [0.21428571428571427, 0.7857142857142857], 3: [0.38461538461538464, 0.6153846153846154]}
01-02-2018:20:39:54,757 INFO     [lda.py:139] p_topics_v_dist = {0: [0.42857142857142855, 0.23809523809523808, 0.14285714285714285, 0.19047619047619047], 1: [0.16666666666666666, 0.2916666666666667, 0.3333333333333333, 0.20833333333333334]}
01-02-2018:20:39:54,758 INFO     [lda.py:115] L = [[0, 0, 0, 0, 0, 0, 0], [0, 0, 0, 0, 0, 0, 1], [1, 1, 1, 1, 1, 1, 1, 1, 1, 1, 1, 1], [1, 1, 1, 1, 1, 1, 1, 1, 1, 1, 1]]
01-02-2018:20:39:54,758 INFO     [lda.py:127] p_docs_t_dist = {0: [0.8888888888888888, 0.1111111111111111], 1: [0.7777777777777778, 0.2222222222222222], 2: [0.07142857142857142, 0.9285714285714286], 3: [0.07692307692307693, 0.9230769230769231]}
01-02-2018:20:39:54,758 INFO     [lda.py:139] p_topics_v_dist = {0: [0.7058823529411765, 0.17647058823529413, 0.058823529411764705, 0.058823529411764705], 1: [0.03571428571428571, 0.32142857142857145, 0.35714285714285715, 0.2857142857142857]}
01-02-2018:20:39:54,951 INFO     [lda.py:115] L = [[0, 0, 0, 0, 0, 0, 0], [0, 0, 0, 0, 0, 0, 1], [1, 1, 1, 1, 1, 1, 1, 1, 1, 1, 1, 1], [1, 1, 1, 1, 1, 1, 1, 1, 1, 1, 1]]
01-02-2018:20:39:54,951 INFO     [lda.py:127] p_docs_t_dist = {0: [0.8888888888888888, 0.1111111111111111], 1: [0.7777777777777778, 0.2222222222222222], 2: [0.07142857142857142, 0.9285714285714286], 3: [0.07692307692307693, 0.9230769230769231]}
01-02-2018:20:39:54,951 INFO     [lda.py:139] p_topics_v_dist = {0: [0.7058823529411765, 0.17647058823529413, 0.058823529411764705, 0.058823529411764705], 1: [0.03571428571428571, 0.32142857142857145, 0.35714285714285715, 0.2857142857142857]}
01-02-2018:20:39:54,951 INFO     [lda.py:115] L = [[0, 1, 0, 0, 0, 0, 1], [0, 0, 0, 0, 0, 0, 1], [1, 1, 1, 1, 1, 1, 1, 1, 1, 1, 1, 1], [1, 1, 1, 1, 1, 1, 1, 1, 1, 1, 1]]
01-02-2018:20:39:54,951 INFO     [lda.py:127] p_docs_t_dist = {0: [0.6666666666666666, 0.3333333333333333], 1: [0.7777777777777778, 0.2222222222222222], 2: [0.07142857142857142, 0.9285714285714286], 3: [0.07692307692307693, 0.9230769230769231]}
01-02-2018:20:39:54,951 INFO     [lda.py:139] p_topics_v_dist = {0: [0.7333333333333333, 0.13333333333333333, 0.06666666666666667, 0.06666666666666667], 1: [0.06666666666666667, 0.3333333333333333, 0.3333333333333333, 0.26666666666666666]}
01-02-2018:20:39:54,952 INFO     [lda.py:115] L = [[1, 0, 0, 0, 0, 0, 0], [0, 0, 0, 1, 0, 1, 1], [1, 1, 1, 1, 1, 1, 1, 1, 1, 1, 1, 1], [1, 1, 1, 1, 1, 1, 1, 1, 1, 1, 1]]
01-02-2018:20:39:54,952 INFO     [lda.py:127] p_docs_t_dist = {0: [0.7777777777777778, 0.2222222222222222], 1: [0.5555555555555556, 0.4444444444444444], 2: [0.07142857142857142, 0.9285714285714286], 3: [0.07692307692307693, 0.9230769230769231]}
01-02-2018:20:39:54,952 INFO     [lda.py:139] p_topics_v_dist = {0: [0.6428571428571429, 0.21428571428571427, 0.07142857142857142, 0.07142857142857142], 1: [0.12903225806451613, 0.2903225806451613, 0.3225806451612903, 0.25806451612903225]}
01-02-2018:20:39:54,952 INFO     [lda.py:115] L = [[0, 0, 0, 0, 0, 0, 1], [0, 1, 0, 0, 0, 0, 0], [1, 1, 1, 1, 1, 1, 1, 1, 1, 1, 1, 1], [1, 1, 1, 1, 1, 1, 1, 1, 1, 1, 1]]
01-02-2018:20:39:54,952 INFO     [lda.py:127] p_docs_t_dist = {0: [0.7777777777777778, 0.2222222222222222], 1: [0.7777777777777778, 0.2222222222222222], 2: [0.07142857142857142, 0.9285714285714286], 3: [0.07692307692307693, 0.9230769230769231]}
01-02-2018:20:39:54,952 INFO     [lda.py:139] p_topics_v_dist = {0: [0.6875, 0.125, 0.125, 0.0625], 1: [0.06896551724137931, 0.3448275862068966, 0.3103448275862069, 0.27586206896551724]}
01-02-2018:20:39:54,953 INFO     [lda.py:115] L = [[0, 0, 0, 0, 0, 0, 1], [1, 0, 0, 0, 0, 0, 0], [1, 1, 1, 1, 1, 1, 1, 1, 1, 1, 1, 1], [1, 1, 1, 1, 1, 1, 1, 1, 1, 1, 1]]
01-02-2018:20:39:54,953 INFO     [lda.py:127] p_docs_t_dist = {0: [0.7777777777777778, 0.2222222222222222], 1: [0.7777777777777778, 0.2222222222222222], 2: [0.07142857142857142, 0.9285714285714286], 3: [0.07692307692307693, 0.9230769230769231]}
01-02-2018:20:39:54,953 INFO     [lda.py:139] p_topics_v_dist = {0: [0.75, 0.0625, 0.125, 0.0625], 1: [0.034482758620689655, 0.3793103448275862, 0.3103448275862069, 0.27586206896551724]}
01-02-2018:20:39:55,197 INFO     [lda.py:115] L = [[0, 0, 0, 0, 0, 0, 1], [1, 0, 0, 0, 0, 0, 1], [0, 1, 1, 1, 1, 1, 1, 1, 1, 1, 1, 1], [1, 1, 1, 1, 1, 1, 1, 1, 1, 1, 1]]
01-02-2018:20:39:55,197 INFO     [lda.py:127] p_docs_t_dist = {0: [0.7777777777777778, 0.2222222222222222], 1: [0.6666666666666666, 0.3333333333333333], 2: [0.14285714285714285, 0.8571428571428571], 3: [0.07692307692307693, 0.9230769230769231]}
01-02-2018:20:39:55,197 INFO     [lda.py:139] p_topics_v_dist = {0: [0.75, 0.0625, 0.125, 0.0625], 1: [0.034482758620689655, 0.3793103448275862, 0.3103448275862069, 0.27586206896551724]}
01-02-2018:20:39:55,197 INFO     [lda.py:115] L = [[0, 0, 0, 0, 0, 0, 1], [0, 0, 0, 0, 0, 0, 0], [1, 1, 1, 1, 1, 1, 1, 1, 1, 1, 1, 1], [1, 1, 1, 1, 1, 1, 1, 1, 1, 1, 1]]
01-02-2018:20:39:55,197 INFO     [lda.py:127] p_docs_t_dist = {0: [0.7777777777777778, 0.2222222222222222], 1: [0.8888888888888888, 0.1111111111111111], 2: [0.07142857142857142, 0.9285714285714286], 3: [0.07692307692307693, 0.9230769230769231]}
01-02-2018:20:39:55,197 INFO     [lda.py:139] p_topics_v_dist = {0: [0.7058823529411765, 0.11764705882352941, 0.11764705882352941, 0.058823529411764705], 1: [0.03571428571428571, 0.35714285714285715, 0.32142857142857145, 0.2857142857142857]}
01-02-2018:20:39:55,198 INFO     [lda.py:115] L = [[0, 0, 0, 0, 0, 0, 0], [1, 0, 0, 0, 0, 0, 0], [1, 1, 1, 1, 1, 1, 1, 1, 0, 0, 1, 1], [1, 1, 1, 1, 1, 0, 1, 1, 0, 1, 0]]
01-02-2018:20:39:55,198 INFO     [lda.py:127] p_docs_t_dist = {0: [0.8888888888888888, 0.1111111111111111], 1: [0.7777777777777778, 0.2222222222222222], 2: [0.21428571428571427, 0.7857142857142857], 3: [0.3076923076923077, 0.6923076923076923]}
01-02-2018:20:39:55,198 INFO     [lda.py:139] p_topics_v_dist = {0: [0.5454545454545454, 0.2727272727272727, 0.09090909090909091, 0.09090909090909091], 1: [0.043478260869565216, 0.2608695652173913, 0.391304347826087, 0.30434782608695654]}
01-02-2018:20:39:55,198 INFO     [lda.py:115] L = [[0, 0, 0, 0, 0, 0, 0], [0, 0, 0, 0, 0, 0, 1], [1, 1, 1, 0, 1, 1, 1, 1, 1, 1, 1, 1], [1, 1, 1, 1, 1, 1, 1, 1, 1, 1, 1]]
01-02-2018:20:39:55,198 INFO     [lda.py:127] p_docs_t_dist = {0: [0.8888888888888888, 0.1111111111111111], 1: [0.7777777777777778, 0.2222222222222222], 2: [0.14285714285714285, 0.8571428571428571], 3: [0.07692307692307693, 0.9230769230769231]}
01-02-2018:20:39:55,198 INFO     [lda.py:139] p_topics_v_dist = {0: [0.6666666666666666, 0.16666666666666666, 0.1111111111111111, 0.05555555555555555], 1: [0.037037037037037035, 0.3333333333333333, 0.3333333333333333, 0.2962962962962963]}
01-02-2018:20:39:55,199 INFO     [lda.py:115] L = [[0, 0, 0, 0, 0, 0, 1], [1, 0, 0, 0, 0, 0, 1], [1, 1, 1, 1, 1, 1, 1, 1, 1, 1, 1, 1], [1, 1, 1, 1, 1, 1, 1, 1, 1, 1, 1]]
01-02-2018:20:39:55,199 INFO     [lda.py:127] p_docs_t_dist = {0: [0.7777777777777778, 0.2222222222222222], 1: [0.6666666666666666, 0.3333333333333333], 2: [0.07142857142857142, 0.9285714285714286], 3: [0.07692307692307693, 0.9230769230769231]}
01-02-2018:20:39:55,199 INFO     [lda.py:139] p_topics_v_dist = {0: [0.8, 0.06666666666666667, 0.06666666666666667, 0.06666666666666667], 1: [0.03333333333333333, 0.36666666666666664, 0.3333333333333333, 0.26666666666666666]}
01-02-2018:20:39:55,479 INFO     [lda.py:115] L = [[0, 0, 0, 0, 0, 0, 0], [0, 0, 0, 0, 0, 0, 0], [1, 1, 1, 1, 1, 1, 1, 1, 1, 1, 1, 1], [1, 1, 1, 1, 1, 1, 1, 1, 1, 1, 1]]
01-02-2018:20:39:55,479 INFO     [lda.py:127] p_docs_t_dist = {0: [0.8888888888888888, 0.1111111111111111], 1: [0.8888888888888888, 0.1111111111111111], 2: [0.07142857142857142, 0.9285714285714286], 3: [0.07692307692307693, 0.9230769230769231]}
01-02-2018:20:39:55,479 INFO     [lda.py:139] p_topics_v_dist = {0: [0.6666666666666666, 0.16666666666666666, 0.1111111111111111, 0.05555555555555555], 1: [0.037037037037037035, 0.3333333333333333, 0.3333333333333333, 0.2962962962962963]}
01-02-2018:20:39:55,479 INFO     [lda.py:115] L = [[0, 0, 0, 0, 0, 0, 0], [0, 0, 0, 0, 0, 0, 0], [1, 0, 1, 1, 1, 1, 1, 0, 1, 1, 0, 0], [1, 1, 1, 1, 1, 1, 1, 0, 1, 1, 1]]
01-02-2018:20:39:55,479 INFO     [lda.py:127] p_docs_t_dist = {0: [0.8888888888888888, 0.1111111111111111], 1: [0.8888888888888888, 0.1111111111111111], 2: [0.35714285714285715, 0.6428571428571429], 3: [0.15384615384615385, 0.8461538461538461]}
01-02-2018:20:39:55,479 INFO     [lda.py:139] p_topics_v_dist = {0: [0.5217391304347826, 0.2608695652173913, 0.17391304347826086, 0.043478260869565216], 1: [0.045454545454545456, 0.2727272727272727, 0.3181818181818182, 0.36363636363636365]}
01-02-2018:20:39:55,480 INFO     [lda.py:115] L = [[0, 0, 0, 0, 0, 0, 1], [0, 0, 0, 0, 0, 0, 0], [1, 1, 1, 1, 0, 1, 1, 1, 1, 1, 1, 1], [1, 1, 1, 1, 1, 1, 1, 1, 1, 1, 1]]
01-02-2018:20:39:55,480 INFO     [lda.py:127] p_docs_t_dist = {0: [0.7777777777777778, 0.2222222222222222], 1: [0.8888888888888888, 0.1111111111111111], 2: [0.14285714285714285, 0.8571428571428571], 3: [0.07692307692307693, 0.9230769230769231]}
01-02-2018:20:39:55,480 INFO     [lda.py:139] p_topics_v_dist = {0: [0.6666666666666666, 0.1111111111111111, 0.16666666666666666, 0.05555555555555555], 1: [0.037037037037037035, 0.37037037037037035, 0.2962962962962963, 0.2962962962962963]}
01-02-2018:20:39:55,480 INFO     [lda.py:115] L = [[0, 0, 0, 0, 0, 0, 0], [0, 0, 0, 0, 0, 0, 0], [1, 1, 1, 1, 1, 1, 1, 1, 1, 1, 1, 1], [1, 1, 1, 1, 1, 1, 1, 1, 1, 1, 1]]
01-02-2018:20:39:55,480 INFO     [lda.py:127] p_docs_t_dist = {0: [0.8888888888888888, 0.1111111111111111], 1: [0.8888888888888888, 0.1111111111111111], 2: [0.07142857142857142, 0.9285714285714286], 3: [0.07692307692307693, 0.9230769230769231]}
01-02-2018:20:39:55,480 INFO     [lda.py:139] p_topics_v_dist = {0: [0.6666666666666666, 0.16666666666666666, 0.1111111111111111, 0.05555555555555555], 1: [0.037037037037037035, 0.3333333333333333, 0.3333333333333333, 0.2962962962962963]}
01-02-2018:20:39:55,481 INFO     [lda.py:115] L = [[0, 0, 0, 0, 0, 0, 0], [0, 0, 0, 0, 0, 0, 1], [1, 1, 1, 1, 1, 1, 1, 1, 1, 1, 0, 1], [1, 1, 1, 1, 1, 1, 1, 1, 1, 1, 1]]
01-02-2018:20:39:55,481 INFO     [lda.py:127] p_docs_t_dist = {0: [0.8888888888888888, 0.1111111111111111], 1: [0.7777777777777778, 0.2222222222222222], 2: [0.14285714285714285, 0.8571428571428571], 3: [0.07692307692307693, 0.9230769230769231]}
01-02-2018:20:39:55,481 INFO     [lda.py:139] p_topics_v_dist = {0: [0.6666666666666666, 0.2222222222222222, 0.05555555555555555, 0.05555555555555555], 1: [0.037037037037037035, 0.2962962962962963, 0.37037037037037035, 0.2962962962962963]}
01-02-2018:20:39:55,843 INFO     [lda.py:115] L = [[0, 0, 0, 0, 0, 0, 0], [1, 0, 0, 0, 0, 0, 0], [1, 1, 1, 1, 1, 1, 1, 1, 1, 1, 1, 1], [1, 1, 1, 1, 1, 1, 1, 1, 1, 1, 1]]
01-02-2018:20:39:55,843 INFO     [lda.py:127] p_docs_t_dist = {0: [0.8888888888888888, 0.1111111111111111], 1: [0.7777777777777778, 0.2222222222222222], 2: [0.07142857142857142, 0.9285714285714286], 3: [0.07692307692307693, 0.9230769230769231]}
01-02-2018:20:39:55,843 INFO     [lda.py:139] p_topics_v_dist = {0: [0.7058823529411765, 0.11764705882352941, 0.11764705882352941, 0.058823529411764705], 1: [0.03571428571428571, 0.35714285714285715, 0.32142857142857145, 0.2857142857142857]}
01-02-2018:20:39:55,844 INFO     [lda.py:115] L = [[0, 0, 0, 0, 0, 0, 1], [0, 0, 0, 0, 0, 0, 0], [1, 1, 1, 1, 1, 1, 1, 1, 1, 1, 1, 1], [1, 1, 1, 0, 0, 1, 1, 1, 1, 1, 1]]
01-02-2018:20:39:55,845 INFO     [lda.py:127] p_docs_t_dist = {0: [0.7777777777777778, 0.2222222222222222], 1: [0.8888888888888888, 0.1111111111111111], 2: [0.07142857142857142, 0.9285714285714286], 3: [0.23076923076923078, 0.7692307692307693]}
01-02-2018:20:39:55,845 INFO     [lda.py:139] p_topics_v_dist = {0: [0.631578947368421, 0.10526315789473684, 0.21052631578947367, 0.05263157894736842], 1: [0.038461538461538464, 0.38461538461538464, 0.2692307692307692, 0.3076923076923077]}
01-02-2018:20:39:55,846 INFO     [lda.py:115] L = [[0, 0, 0, 0, 0, 0, 0], [0, 0, 0, 0, 0, 0, 0], [1, 1, 1, 1, 1, 1, 1, 1, 1, 1, 1, 1], [1, 0, 1, 1, 1, 1, 1, 1, 1, 1, 1]]
01-02-2018:20:39:55,847 INFO     [lda.py:127] p_docs_t_dist = {0: [0.8888888888888888, 0.1111111111111111], 1: [0.8888888888888888, 0.1111111111111111], 2: [0.07142857142857142, 0.9285714285714286], 3: [0.15384615384615385, 0.8461538461538461]}
01-02-2018:20:39:55,847 INFO     [lda.py:139] p_topics_v_dist = {0: [0.631578947368421, 0.15789473684210525, 0.10526315789473684, 0.10526315789473684], 1: [0.038461538461538464, 0.34615384615384615, 0.34615384615384615, 0.2692307692307692]}
01-02-2018:20:39:55,848 INFO     [lda.py:115] L = [[0, 0, 0, 0, 0, 0, 1], [0, 0, 0, 0, 0, 0, 1], [1, 1, 1, 1, 1, 1, 1, 1, 1, 0, 1, 1], [1, 1, 1, 1, 1, 1, 1, 1, 1, 1, 1]]
01-02-2018:20:39:55,848 INFO     [lda.py:127] p_docs_t_dist = {0: [0.7777777777777778, 0.2222222222222222], 1: [0.7777777777777778, 0.2222222222222222], 2: [0.14285714285714285, 0.8571428571428571], 3: [0.07692307692307693, 0.9230769230769231]}
01-02-2018:20:39:55,848 INFO     [lda.py:139] p_topics_v_dist = {0: [0.7058823529411765, 0.17647058823529413, 0.058823529411764705, 0.058823529411764705], 1: [0.03571428571428571, 0.32142857142857145, 0.35714285714285715, 0.2857142857142857]}
01-02-2018:20:39:55,849 INFO     [lda.py:115] L = [[0, 0, 0, 0, 0, 0, 0], [1, 1, 0, 0, 0, 0, 1], [1, 1, 1, 1, 1, 1, 1, 1, 1, 0, 1, 1], [1, 1, 1, 1, 1, 1, 1, 1, 1, 1, 1]]
01-02-2018:20:39:55,849 INFO     [lda.py:127] p_docs_t_dist = {0: [0.8888888888888888, 0.1111111111111111], 1: [0.5555555555555556, 0.4444444444444444], 2: [0.14285714285714285, 0.8571428571428571], 3: [0.07692307692307693, 0.9230769230769231]}
01-02-2018:20:39:55,849 INFO     [lda.py:139] p_topics_v_dist = {0: [0.6875, 0.1875, 0.0625, 0.0625], 1: [0.06896551724137931, 0.3103448275862069, 0.3448275862068966, 0.27586206896551724]}
01-02-2018:20:39:56,259 INFO     [lda.py:115] L = [[0, 0, 0, 0, 0, 0, 1], [0, 0, 0, 0, 0, 0, 1], [1, 1, 1, 1, 1, 1, 1, 1, 1, 1, 1, 1], [1, 1, 1, 1, 1, 1, 1, 1, 1, 1, 1]]
01-02-2018:20:39:56,259 INFO     [lda.py:127] p_docs_t_dist = {0: [0.7777777777777778, 0.2222222222222222], 1: [0.7777777777777778, 0.2222222222222222], 2: [0.07142857142857142, 0.9285714285714286], 3: [0.07692307692307693, 0.9230769230769231]}
01-02-2018:20:39:56,259 INFO     [lda.py:139] p_topics_v_dist = {0: [0.75, 0.125, 0.0625, 0.0625], 1: [0.034482758620689655, 0.3448275862068966, 0.3448275862068966, 0.27586206896551724]}
01-02-2018:20:39:56,260 INFO     [lda.py:115] L = [[0, 0, 0, 0, 0, 0, 1], [1, 0, 0, 0, 0, 0, 1], [1, 1, 1, 1, 1, 1, 1, 1, 1, 1, 1, 1], [1, 1, 1, 1, 1, 1, 1, 1, 1, 1, 1]]
01-02-2018:20:39:56,260 INFO     [lda.py:127] p_docs_t_dist = {0: [0.7777777777777778, 0.2222222222222222], 1: [0.6666666666666666, 0.3333333333333333], 2: [0.07142857142857142, 0.9285714285714286], 3: [0.07692307692307693, 0.9230769230769231]}
01-02-2018:20:39:56,260 INFO     [lda.py:139] p_topics_v_dist = {0: [0.8, 0.06666666666666667, 0.06666666666666667, 0.06666666666666667], 1: [0.03333333333333333, 0.36666666666666664, 0.3333333333333333, 0.26666666666666666]}
01-02-2018:20:39:56,261 INFO     [lda.py:115] L = [[0, 0, 0, 0, 0, 0, 0], [0, 0, 0, 0, 0, 0, 1], [1, 1, 1, 1, 1, 1, 1, 1, 1, 1, 1, 1], [1, 1, 1, 1, 1, 1, 0, 1, 1, 1, 1]]
01-02-2018:20:39:56,261 INFO     [lda.py:127] p_docs_t_dist = {0: [0.8888888888888888, 0.1111111111111111], 1: [0.7777777777777778, 0.2222222222222222], 2: [0.07142857142857142, 0.9285714285714286], 3: [0.15384615384615385, 0.8461538461538461]}
01-02-2018:20:39:56,261 INFO     [lda.py:139] p_topics_v_dist = {0: [0.6666666666666666, 0.16666666666666666, 0.05555555555555555, 0.1111111111111111], 1: [0.037037037037037035, 0.3333333333333333, 0.37037037037037035, 0.25925925925925924]}
01-02-2018:20:39:56,262 INFO     [lda.py:115] L = [[0, 0, 0, 0, 0, 0, 1], [0, 0, 0, 0, 0, 0, 0], [1, 1, 1, 1, 1, 1, 1, 1, 1, 1, 1, 1], [1, 1, 1, 1, 1, 1, 1, 0, 1, 1, 1]]
01-02-2018:20:39:56,262 INFO     [lda.py:127] p_docs_t_dist = {0: [0.7777777777777778, 0.2222222222222222], 1: [0.8888888888888888, 0.1111111111111111], 2: [0.07142857142857142, 0.9285714285714286], 3: [0.15384615384615385, 0.8461538461538461]}
01-02-2018:20:39:56,262 INFO     [lda.py:139] p_topics_v_dist = {0: [0.6666666666666666, 0.16666666666666666, 0.1111111111111111, 0.05555555555555555], 1: [0.037037037037037035, 0.3333333333333333, 0.3333333333333333, 0.2962962962962963]}
01-02-2018:20:39:56,262 INFO     [lda.py:115] L = [[0, 0, 0, 0, 0, 0, 0], [0, 1, 0, 1, 0, 0, 1], [1, 1, 1, 1, 1, 1, 1, 1, 1, 1, 0, 1], [1, 1, 1, 1, 1, 1, 1, 1, 1, 1, 1]]
01-02-2018:20:39:56,262 INFO     [lda.py:127] p_docs_t_dist = {0: [0.8888888888888888, 0.1111111111111111], 1: [0.5555555555555556, 0.4444444444444444], 2: [0.14285714285714285, 0.8571428571428571], 3: [0.07692307692307693, 0.9230769230769231]}
01-02-2018:20:39:56,262 INFO     [lda.py:139] p_topics_v_dist = {0: [0.625, 0.25, 0.0625, 0.0625], 1: [0.10344827586206896, 0.27586206896551724, 0.3448275862068966, 0.27586206896551724]}
01-02-2018:20:39:56,725 INFO     [lda.py:115] L = [[0, 0, 0, 0, 0, 0, 0], [1, 0, 0, 0, 0, 0, 1], [1, 1, 1, 1, 1, 1, 1, 1, 1, 1, 0, 1], [1, 1, 1, 1, 1, 1, 1, 1, 1, 1, 1]]
01-02-2018:20:39:56,725 INFO     [lda.py:127] p_docs_t_dist = {0: [0.8888888888888888, 0.1111111111111111], 1: [0.6666666666666666, 0.3333333333333333], 2: [0.14285714285714285, 0.8571428571428571], 3: [0.07692307692307693, 0.9230769230769231]}
01-02-2018:20:39:56,725 INFO     [lda.py:139] p_topics_v_dist = {0: [0.7058823529411765, 0.17647058823529413, 0.058823529411764705, 0.058823529411764705], 1: [0.03571428571428571, 0.32142857142857145, 0.35714285714285715, 0.2857142857142857]}
01-02-2018:20:39:56,726 INFO     [lda.py:115] L = [[0, 0, 0, 0, 0, 0, 1], [0, 0, 0, 0, 0, 0, 0], [1, 1, 1, 1, 0, 1, 1, 0, 1, 1, 1, 1], [1, 1, 1, 1, 0, 1, 1, 1, 1, 1, 1]]
01-02-2018:20:39:56,726 INFO     [lda.py:127] p_docs_t_dist = {0: [0.7777777777777778, 0.2222222222222222], 1: [0.8888888888888888, 0.1111111111111111], 2: [0.21428571428571427, 0.7857142857142857], 3: [0.15384615384615385, 0.8461538461538461]}
01-02-2018:20:39:56,726 INFO     [lda.py:139] p_topics_v_dist = {0: [0.6, 0.1, 0.25, 0.05], 1: [0.04, 0.4, 0.24, 0.32]}
01-02-2018:20:39:56,726 INFO     [lda.py:115] L = [[0, 0, 0, 0, 0, 0, 1], [1, 0, 0, 0, 0, 0, 0], [1, 0, 1, 1, 1, 1, 1, 1, 1, 1, 1, 1], [1, 1, 1, 1, 1, 1, 0, 1, 1, 1, 1]]
01-02-2018:20:39:56,726 INFO     [lda.py:127] p_docs_t_dist = {0: [0.7777777777777778, 0.2222222222222222], 1: [0.7777777777777778, 0.2222222222222222], 2: [0.14285714285714285, 0.8571428571428571], 3: [0.15384615384615385, 0.8461538461538461]}
01-02-2018:20:39:56,726 INFO     [lda.py:139] p_topics_v_dist = {0: [0.6666666666666666, 0.05555555555555555, 0.16666666666666666, 0.1111111111111111], 1: [0.037037037037037035, 0.4074074074074074, 0.2962962962962963, 0.25925925925925924]}
01-02-2018:20:39:56,727 INFO     [lda.py:115] L = [[0, 0, 0, 0, 0, 0, 1], [1, 0, 0, 0, 0, 0, 0], [1, 1, 0, 1, 1, 1, 1, 1, 1, 1, 1, 1], [1, 1, 1, 1, 0, 1, 1, 1, 1, 1, 1]]
01-02-2018:20:39:56,727 INFO     [lda.py:127] p_docs_t_dist = {0: [0.7777777777777778, 0.2222222222222222], 1: [0.7777777777777778, 0.2222222222222222], 2: [0.14285714285714285, 0.8571428571428571], 3: [0.15384615384615385, 0.8461538461538461]}
01-02-2018:20:39:56,727 INFO     [lda.py:139] p_topics_v_dist = {0: [0.6666666666666666, 0.05555555555555555, 0.16666666666666666, 0.1111111111111111], 1: [0.037037037037037035, 0.4074074074074074, 0.2962962962962963, 0.25925925925925924]}
01-02-2018:20:39:56,727 INFO     [lda.py:115] L = [[0, 0, 0, 0, 0, 0, 0], [0, 0, 0, 0, 0, 0, 0], [1, 1, 1, 1, 1, 1, 1, 0, 1, 1, 1, 1], [1, 1, 1, 1, 1, 1, 1, 1, 1, 1, 1]]
01-02-2018:20:39:56,727 INFO     [lda.py:127] p_docs_t_dist = {0: [0.8888888888888888, 0.1111111111111111], 1: [0.8888888888888888, 0.1111111111111111], 2: [0.14285714285714285, 0.8571428571428571], 3: [0.07692307692307693, 0.9230769230769231]}
01-02-2018:20:39:56,727 INFO     [lda.py:139] p_topics_v_dist = {0: [0.631578947368421, 0.15789473684210525, 0.15789473684210525, 0.05263157894736842], 1: [0.038461538461538464, 0.34615384615384615, 0.3076923076923077, 0.3076923076923077]}
01-02-2018:20:39:57,228 INFO     [lda.py:115] L = [[0, 0, 0, 0, 0, 0, 0], [0, 0, 0, 0, 0, 0, 0], [1, 0, 1, 1, 1, 1, 0, 1, 1, 1, 1, 1], [1, 1, 1, 1, 1, 1, 1, 1, 1, 1, 0]]
01-02-2018:20:39:57,228 INFO     [lda.py:127] p_docs_t_dist = {0: [0.8888888888888888, 0.1111111111111111], 1: [0.8888888888888888, 0.1111111111111111], 2: [0.21428571428571427, 0.7857142857142857], 3: [0.15384615384615385, 0.8461538461538461]}
01-02-2018:20:39:57,228 INFO     [lda.py:139] p_topics_v_dist = {0: [0.5714285714285714, 0.19047619047619047, 0.14285714285714285, 0.09523809523809523], 1: [0.041666666666666664, 0.3333333333333333, 0.3333333333333333, 0.2916666666666667]}
01-02-2018:20:39:57,229 INFO     [lda.py:115] L = [[0, 0, 0, 0, 0, 0, 0], [0, 0, 0, 0, 0, 0, 1], [1, 1, 1, 1, 1, 1, 1, 1, 1, 1, 0, 0], [1, 1, 1, 0, 1, 1, 1, 1, 1, 0, 1]]
01-02-2018:20:39:57,229 INFO     [lda.py:127] p_docs_t_dist = {0: [0.8888888888888888, 0.1111111111111111], 1: [0.7777777777777778, 0.2222222222222222], 2: [0.21428571428571427, 0.7857142857142857], 3: [0.23076923076923078, 0.7692307692307693]}
01-02-2018:20:39:57,229 INFO     [lda.py:139] p_topics_v_dist = {0: [0.5714285714285714, 0.2857142857142857, 0.09523809523809523, 0.047619047619047616], 1: [0.041666666666666664, 0.25, 0.375, 0.3333333333333333]}
01-02-2018:20:39:57,229 INFO     [lda.py:115] L = [[0, 0, 0, 0, 0, 0, 0], [0, 0, 0, 0, 0, 0, 0], [1, 1, 1, 1, 1, 1, 1, 1, 0, 0, 1, 1], [1, 1, 1, 1, 1, 1, 1, 1, 1, 1, 1]]
01-02-2018:20:39:57,229 INFO     [lda.py:127] p_docs_t_dist = {0: [0.8888888888888888, 0.1111111111111111], 1: [0.8888888888888888, 0.1111111111111111], 2: [0.21428571428571427, 0.7857142857142857], 3: [0.07692307692307693, 0.9230769230769231]}
01-02-2018:20:39:57,229 INFO     [lda.py:139] p_topics_v_dist = {0: [0.6, 0.25, 0.1, 0.05], 1: [0.04, 0.28, 0.36, 0.32]}
01-02-2018:20:39:57,230 INFO     [lda.py:115] L = [[0, 0, 0, 0, 0, 0, 0], [0, 0, 0, 0, 0, 0, 1], [1, 0, 1, 0, 1, 1, 1, 1, 1, 1, 1, 1], [1, 1, 1, 1, 1, 0, 1, 1, 1, 1, 1]]
01-02-2018:20:39:57,230 INFO     [lda.py:127] p_docs_t_dist = {0: [0.8888888888888888, 0.1111111111111111], 1: [0.7777777777777778, 0.2222222222222222], 2: [0.21428571428571427, 0.7857142857142857], 3: [0.15384615384615385, 0.8461538461538461]}
01-02-2018:20:39:57,230 INFO     [lda.py:139] p_topics_v_dist = {0: [0.6, 0.15, 0.15, 0.1], 1: [0.04, 0.36, 0.32, 0.28]}
01-02-2018:20:39:57,230 INFO     [lda.py:115] L = [[0, 0, 0, 0, 0, 0, 0], [1, 0, 0, 0, 0, 0, 1], [1, 1, 1, 1, 1, 1, 1, 1, 1, 1, 1, 1], [1, 1, 1, 1, 1, 1, 1, 1, 1, 1, 1]]
01-02-2018:20:39:57,230 INFO     [lda.py:127] p_docs_t_dist = {0: [0.8888888888888888, 0.1111111111111111], 1: [0.6666666666666666, 0.3333333333333333], 2: [0.07142857142857142, 0.9285714285714286], 3: [0.07692307692307693, 0.9230769230769231]}
01-02-2018:20:39:57,230 INFO     [lda.py:139] p_topics_v_dist = {0: [0.75, 0.125, 0.0625, 0.0625], 1: [0.034482758620689655, 0.3448275862068966, 0.3448275862068966, 0.27586206896551724]}
01-02-2018:20:39:57,768 INFO     [lda.py:115] L = [[0, 0, 0, 0, 0, 0, 1], [1, 0, 0, 0, 0, 0, 0], [1, 1, 1, 1, 1, 1, 1, 1, 1, 1, 1, 1], [1, 1, 1, 1, 1, 1, 1, 1, 1, 1, 1]]
01-02-2018:20:39:57,768 INFO     [lda.py:127] p_docs_t_dist = {0: [0.7777777777777778, 0.2222222222222222], 1: [0.7777777777777778, 0.2222222222222222], 2: [0.07142857142857142, 0.9285714285714286], 3: [0.07692307692307693, 0.9230769230769231]}
01-02-2018:20:39:57,768 INFO     [lda.py:139] p_topics_v_dist = {0: [0.75, 0.0625, 0.125, 0.0625], 1: [0.034482758620689655, 0.3793103448275862, 0.3103448275862069, 0.27586206896551724]}
01-02-2018:20:39:57,769 INFO     [lda.py:115] L = [[0, 0, 1, 0, 0, 0, 0], [1, 0, 0, 0, 0, 0, 0], [1, 1, 1, 1, 1, 1, 1, 1, 1, 1, 0, 1], [1, 1, 1, 1, 1, 1, 1, 1, 1, 1, 0]]
01-02-2018:20:39:57,769 INFO     [lda.py:127] p_docs_t_dist = {0: [0.7777777777777778, 0.2222222222222222], 1: [0.7777777777777778, 0.2222222222222222], 2: [0.14285714285714285, 0.8571428571428571], 3: [0.15384615384615385, 0.8461538461538461]}
01-02-2018:20:39:57,769 INFO     [lda.py:139] p_topics_v_dist = {0: [0.6111111111111112, 0.2222222222222222, 0.1111111111111111, 0.05555555555555555], 1: [0.07407407407407407, 0.2962962962962963, 0.3333333333333333, 0.2962962962962963]}
01-02-2018:20:39:57,769 INFO     [lda.py:115] L = [[0, 0, 0, 0, 0, 0, 1], [0, 0, 0, 0, 0, 0, 1], [1, 1, 0, 1, 1, 1, 1, 1, 0, 0, 1, 1], [1, 1, 1, 1, 1, 1, 1, 1, 1, 1, 1]]
01-02-2018:20:39:57,769 INFO     [lda.py:127] p_docs_t_dist = {0: [0.7777777777777778, 0.2222222222222222], 1: [0.7777777777777778, 0.2222222222222222], 2: [0.2857142857142857, 0.7142857142857143], 3: [0.07692307692307693, 0.9230769230769231]}
01-02-2018:20:39:57,769 INFO     [lda.py:139] p_topics_v_dist = {0: [0.631578947368421, 0.21052631578947367, 0.05263157894736842, 0.10526315789473684], 1: [0.038461538461538464, 0.3076923076923077, 0.38461538461538464, 0.2692307692307692]}
01-02-2018:20:39:57,770 INFO     [lda.py:115] L = [[0, 0, 0, 0, 0, 0, 0], [0, 0, 0, 0, 0, 0, 0], [0, 1, 1, 1, 0, 1, 1, 0, 1, 1, 1, 1], [1, 1, 1, 1, 1, 1, 1, 1, 1, 1, 1]]
01-02-2018:20:39:57,770 INFO     [lda.py:127] p_docs_t_dist = {0: [0.8888888888888888, 0.1111111111111111], 1: [0.8888888888888888, 0.1111111111111111], 2: [0.2857142857142857, 0.7142857142857143], 3: [0.07692307692307693, 0.9230769230769231]}
01-02-2018:20:39:57,770 INFO     [lda.py:139] p_topics_v_dist = {0: [0.5714285714285714, 0.14285714285714285, 0.23809523809523808, 0.047619047619047616], 1: [0.041666666666666664, 0.375, 0.25, 0.3333333333333333]}
01-02-2018:20:39:57,770 INFO     [lda.py:115] L = [[0, 0, 0, 0, 0, 0, 0], [0, 0, 0, 0, 0, 0, 0], [1, 1, 1, 1, 1, 1, 1, 1, 1, 1, 1, 1], [1, 1, 1, 1, 1, 1, 1, 1, 1, 1, 0]]
01-02-2018:20:39:57,770 INFO     [lda.py:127] p_docs_t_dist = {0: [0.8888888888888888, 0.1111111111111111], 1: [0.8888888888888888, 0.1111111111111111], 2: [0.07142857142857142, 0.9285714285714286], 3: [0.15384615384615385, 0.8461538461538461]}
01-02-2018:20:39:57,770 INFO     [lda.py:139] p_topics_v_dist = {0: [0.631578947368421, 0.21052631578947367, 0.10526315789473684, 0.05263157894736842], 1: [0.038461538461538464, 0.3076923076923077, 0.34615384615384615, 0.3076923076923077]}
01-02-2018:20:39:58,345 INFO     [lda.py:115] L = [[0, 0, 0, 0, 0, 0, 0], [1, 0, 0, 0, 0, 0, 0], [1, 1, 1, 1, 1, 1, 1, 1, 1, 0, 0, 1], [1, 1, 1, 1, 1, 1, 1, 0, 0, 1, 0]]
01-02-2018:20:39:58,345 INFO     [lda.py:127] p_docs_t_dist = {0: [0.8888888888888888, 0.1111111111111111], 1: [0.7777777777777778, 0.2222222222222222], 2: [0.21428571428571427, 0.7857142857142857], 3: [0.3076923076923077, 0.6923076923076923]}
01-02-2018:20:39:58,345 INFO     [lda.py:139] p_topics_v_dist = {0: [0.5454545454545454, 0.3181818181818182, 0.09090909090909091, 0.045454545454545456], 1: [0.043478260869565216, 0.21739130434782608, 0.391304347826087, 0.34782608695652173]}
01-02-2018:20:39:58,345 INFO     [lda.py:115] L = [[0, 0, 0, 0, 0, 0, 0], [0, 0, 0, 0, 0, 0, 1], [1, 1, 1, 1, 1, 1, 1, 1, 1, 1, 1, 1], [1, 1, 1, 1, 0, 1, 1, 0, 1, 1, 1]]
01-02-2018:20:39:58,345 INFO     [lda.py:127] p_docs_t_dist = {0: [0.8888888888888888, 0.1111111111111111], 1: [0.7777777777777778, 0.2222222222222222], 2: [0.07142857142857142, 0.9285714285714286], 3: [0.23076923076923078, 0.7692307692307693]}
01-02-2018:20:39:58,345 INFO     [lda.py:139] p_topics_v_dist = {0: [0.631578947368421, 0.21052631578947367, 0.10526315789473684, 0.05263157894736842], 1: [0.038461538461538464, 0.3076923076923077, 0.34615384615384615, 0.3076923076923077]}
01-02-2018:20:39:58,346 INFO     [lda.py:115] L = [[0, 0, 0, 0, 0, 0, 0], [1, 0, 0, 0, 0, 0, 1], [1, 1, 1, 1, 1, 1, 1, 1, 1, 1, 1, 1], [1, 1, 1, 0, 1, 1, 1, 1, 1, 0, 1]]
01-02-2018:20:39:58,346 INFO     [lda.py:127] p_docs_t_dist = {0: [0.8888888888888888, 0.1111111111111111], 1: [0.6666666666666666, 0.3333333333333333], 2: [0.07142857142857142, 0.9285714285714286], 3: [0.23076923076923078, 0.7692307692307693]}
01-02-2018:20:39:58,346 INFO     [lda.py:139] p_topics_v_dist = {0: [0.6666666666666666, 0.16666666666666666, 0.1111111111111111, 0.05555555555555555], 1: [0.037037037037037035, 0.3333333333333333, 0.3333333333333333, 0.2962962962962963]}
01-02-2018:20:39:58,346 INFO     [lda.py:115] L = [[0, 0, 0, 0, 0, 0, 0], [1, 0, 0, 0, 0, 0, 0], [1, 1, 1, 1, 1, 1, 1, 1, 1, 1, 1, 1], [1, 1, 1, 1, 1, 1, 1, 1, 1, 1, 1]]
01-02-2018:20:39:58,346 INFO     [lda.py:127] p_docs_t_dist = {0: [0.8888888888888888, 0.1111111111111111], 1: [0.7777777777777778, 0.2222222222222222], 2: [0.07142857142857142, 0.9285714285714286], 3: [0.07692307692307693, 0.9230769230769231]}
01-02-2018:20:39:58,346 INFO     [lda.py:139] p_topics_v_dist = {0: [0.7058823529411765, 0.11764705882352941, 0.11764705882352941, 0.058823529411764705], 1: [0.03571428571428571, 0.35714285714285715, 0.32142857142857145, 0.2857142857142857]}
01-02-2018:20:42:08,215 INFO     [lda.py:77] N_vt = {'b': {0: 5, 1: 5}, 'a': {0: 7, 1: 4}, 'z': {0: 3, 1: 4}, 'y': {0: 5, 1: 4}}
01-02-2018:20:42:08,215 INFO     [lda.py:78] N_t = {0: 20, 1: 17}
01-02-2018:20:42:08,215 INFO     [lda.py:79] N_d = {0: 7, 1: 7, 2: 12, 3: 11}
01-02-2018:20:42:08,215 INFO     [lda.py:80] N_dt = {0: {0: 4, 1: 3}, 1: {0: 5, 1: 2}, 2: {0: 7, 1: 5}, 3: {0: 4, 1: 7}}
01-02-2018:20:42:08,215 INFO     [lda.py:139] p_topics_v_dist = {0: [0.3333333333333333, 0.25, 0.25, 0.16666666666666666], 1: [0.23809523809523808, 0.2857142857142857, 0.23809523809523808, 0.23809523809523808]}
01-02-2018:20:42:08,441 INFO     [lda.py:115] L = [[0, 0, 0, 0, 1, 1, 0], [1, 0, 1, 0, 0, 0, 1], [0, 1, 0, 1, 1, 1, 1, 1, 1, 1, 0, 0], [0, 0, 0, 1, 1, 0, 0, 1, 0, 0, 1]]
01-02-2018:20:42:08,442 INFO     [lda.py:127] p_docs_t_dist = {0: [0.6666666666666666, 0.3333333333333333], 1: [0.5555555555555556, 0.4444444444444444], 2: [0.35714285714285715, 0.6428571428571429], 3: [0.6153846153846154, 0.38461538461538464]}
01-02-2018:20:42:08,442 INFO     [lda.py:139] p_topics_v_dist = {0: [0.375, 0.25, 0.08333333333333333, 0.2916666666666667], 1: [0.19047619047619047, 0.2857142857142857, 0.42857142857142855, 0.09523809523809523]}
01-02-2018:20:42:08,442 INFO     [lda.py:115] L = [[0, 0, 0, 0, 0, 0, 0], [1, 0, 0, 0, 1, 1, 1], [1, 1, 1, 0, 1, 1, 0, 1, 1, 0, 1, 1], [0, 1, 0, 1, 1, 0, 0, 0, 1, 1, 0]]
01-02-2018:20:42:08,442 INFO     [lda.py:127] p_docs_t_dist = {0: [0.8888888888888888, 0.1111111111111111], 1: [0.4444444444444444, 0.5555555555555556], 2: [0.2857142857142857, 0.7142857142857143], 3: [0.5384615384615384, 0.46153846153846156]}
01-02-2018:20:42:08,442 INFO     [lda.py:139] p_topics_v_dist = {0: [0.43478260869565216, 0.21739130434782608, 0.08695652173913043, 0.2608695652173913], 1: [0.13636363636363635, 0.3181818181818182, 0.4090909090909091, 0.13636363636363635]}
01-02-2018:20:42:08,443 INFO     [lda.py:115] L = [[0, 0, 1, 0, 0, 0, 1], [0, 1, 0, 0, 0, 0, 1], [1, 1, 0, 1, 1, 1, 1, 1, 1, 1, 0, 0], [0, 0, 0, 1, 1, 0, 0, 1, 0, 1, 1]]
01-02-2018:20:42:08,443 INFO     [lda.py:127] p_docs_t_dist = {0: [0.6666666666666666, 0.3333333333333333], 1: [0.6666666666666666, 0.3333333333333333], 2: [0.2857142857142857, 0.7142857142857143], 3: [0.5384615384615384, 0.46153846153846156]}
01-02-2018:20:42:08,443 INFO     [lda.py:139] p_topics_v_dist = {0: [0.43478260869565216, 0.21739130434782608, 0.043478260869565216, 0.30434782608695654], 1: [0.13636363636363635, 0.3181818181818182, 0.45454545454545453, 0.09090909090909091]}
01-02-2018:20:42:08,443 INFO     [lda.py:115] L = [[1, 0, 0, 0, 1, 0, 0], [0, 0, 0, 0, 1, 0, 0], [1, 1, 1, 0, 1, 1, 0, 1, 1, 1, 1, 1], [0, 1, 0, 1, 1, 1, 1, 0, 1, 1, 0]]
01-02-2018:20:42:08,443 INFO     [lda.py:127] p_docs_t_dist = {0: [0.6666666666666666, 0.3333333333333333], 1: [0.7777777777777778, 0.2222222222222222], 2: [0.21428571428571427, 0.7857142857142857], 3: [0.38461538461538464, 0.6153846153846154]}
01-02-2018:20:42:08,443 INFO     [lda.py:139] p_topics_v_dist = {0: [0.42857142857142855, 0.23809523809523808, 0.14285714285714285, 0.19047619047619047], 1: [0.16666666666666666, 0.2916666666666667, 0.3333333333333333, 0.20833333333333334]}
01-02-2018:20:42:08,443 INFO     [lda.py:115] L = [[0, 0, 0, 0, 0, 0, 0], [0, 0, 0, 0, 0, 0, 1], [1, 1, 1, 1, 1, 1, 1, 1, 1, 1, 1, 1], [1, 1, 1, 1, 1, 1, 1, 1, 1, 1, 1]]
01-02-2018:20:42:08,444 INFO     [lda.py:127] p_docs_t_dist = {0: [0.8888888888888888, 0.1111111111111111], 1: [0.7777777777777778, 0.2222222222222222], 2: [0.07142857142857142, 0.9285714285714286], 3: [0.07692307692307693, 0.9230769230769231]}
01-02-2018:20:42:08,444 INFO     [lda.py:139] p_topics_v_dist = {0: [0.7058823529411765, 0.17647058823529413, 0.058823529411764705, 0.058823529411764705], 1: [0.03571428571428571, 0.32142857142857145, 0.35714285714285715, 0.2857142857142857]}
01-02-2018:20:42:08,627 INFO     [lda.py:115] L = [[0, 0, 0, 0, 0, 0, 0], [0, 0, 0, 0, 0, 0, 1], [1, 1, 1, 1, 1, 1, 1, 1, 1, 1, 1, 1], [1, 1, 1, 1, 1, 1, 1, 1, 1, 1, 1]]
01-02-2018:20:42:08,627 INFO     [lda.py:127] p_docs_t_dist = {0: [0.8888888888888888, 0.1111111111111111], 1: [0.7777777777777778, 0.2222222222222222], 2: [0.07142857142857142, 0.9285714285714286], 3: [0.07692307692307693, 0.9230769230769231]}
01-02-2018:20:42:08,628 INFO     [lda.py:139] p_topics_v_dist = {0: [0.7058823529411765, 0.17647058823529413, 0.058823529411764705, 0.058823529411764705], 1: [0.03571428571428571, 0.32142857142857145, 0.35714285714285715, 0.2857142857142857]}
01-02-2018:20:42:08,628 INFO     [lda.py:115] L = [[0, 1, 0, 0, 0, 0, 1], [0, 0, 0, 0, 0, 0, 1], [1, 1, 1, 1, 1, 1, 1, 1, 1, 1, 1, 1], [1, 1, 1, 1, 1, 1, 1, 1, 1, 1, 1]]
01-02-2018:20:42:08,628 INFO     [lda.py:127] p_docs_t_dist = {0: [0.6666666666666666, 0.3333333333333333], 1: [0.7777777777777778, 0.2222222222222222], 2: [0.07142857142857142, 0.9285714285714286], 3: [0.07692307692307693, 0.9230769230769231]}
01-02-2018:20:42:08,628 INFO     [lda.py:139] p_topics_v_dist = {0: [0.7333333333333333, 0.13333333333333333, 0.06666666666666667, 0.06666666666666667], 1: [0.06666666666666667, 0.3333333333333333, 0.3333333333333333, 0.26666666666666666]}
01-02-2018:20:42:08,628 INFO     [lda.py:115] L = [[1, 0, 0, 0, 0, 0, 0], [0, 0, 0, 1, 0, 1, 1], [1, 1, 1, 1, 1, 1, 1, 1, 1, 1, 1, 1], [1, 1, 1, 1, 1, 1, 1, 1, 1, 1, 1]]
01-02-2018:20:42:08,628 INFO     [lda.py:127] p_docs_t_dist = {0: [0.7777777777777778, 0.2222222222222222], 1: [0.5555555555555556, 0.4444444444444444], 2: [0.07142857142857142, 0.9285714285714286], 3: [0.07692307692307693, 0.9230769230769231]}
01-02-2018:20:42:08,628 INFO     [lda.py:139] p_topics_v_dist = {0: [0.6428571428571429, 0.21428571428571427, 0.07142857142857142, 0.07142857142857142], 1: [0.12903225806451613, 0.2903225806451613, 0.3225806451612903, 0.25806451612903225]}
01-02-2018:20:42:08,629 INFO     [lda.py:115] L = [[0, 0, 0, 0, 0, 0, 1], [0, 1, 0, 0, 0, 0, 0], [1, 1, 1, 1, 1, 1, 1, 1, 1, 1, 1, 1], [1, 1, 1, 1, 1, 1, 1, 1, 1, 1, 1]]
01-02-2018:20:42:08,629 INFO     [lda.py:127] p_docs_t_dist = {0: [0.7777777777777778, 0.2222222222222222], 1: [0.7777777777777778, 0.2222222222222222], 2: [0.07142857142857142, 0.9285714285714286], 3: [0.07692307692307693, 0.9230769230769231]}
01-02-2018:20:42:08,629 INFO     [lda.py:139] p_topics_v_dist = {0: [0.6875, 0.125, 0.125, 0.0625], 1: [0.06896551724137931, 0.3448275862068966, 0.3103448275862069, 0.27586206896551724]}
01-02-2018:20:42:08,629 INFO     [lda.py:115] L = [[0, 0, 0, 0, 0, 0, 1], [1, 0, 0, 0, 0, 0, 0], [1, 1, 1, 1, 1, 1, 1, 1, 1, 1, 1, 1], [1, 1, 1, 1, 1, 1, 1, 1, 1, 1, 1]]
01-02-2018:20:42:08,629 INFO     [lda.py:127] p_docs_t_dist = {0: [0.7777777777777778, 0.2222222222222222], 1: [0.7777777777777778, 0.2222222222222222], 2: [0.07142857142857142, 0.9285714285714286], 3: [0.07692307692307693, 0.9230769230769231]}
01-02-2018:20:42:08,629 INFO     [lda.py:139] p_topics_v_dist = {0: [0.75, 0.0625, 0.125, 0.0625], 1: [0.034482758620689655, 0.3793103448275862, 0.3103448275862069, 0.27586206896551724]}
01-02-2018:20:42:08,869 INFO     [lda.py:115] L = [[0, 0, 0, 0, 0, 0, 1], [1, 0, 0, 0, 0, 0, 1], [0, 1, 1, 1, 1, 1, 1, 1, 1, 1, 1, 1], [1, 1, 1, 1, 1, 1, 1, 1, 1, 1, 1]]
01-02-2018:20:42:08,869 INFO     [lda.py:127] p_docs_t_dist = {0: [0.7777777777777778, 0.2222222222222222], 1: [0.6666666666666666, 0.3333333333333333], 2: [0.14285714285714285, 0.8571428571428571], 3: [0.07692307692307693, 0.9230769230769231]}
01-02-2018:20:42:08,869 INFO     [lda.py:139] p_topics_v_dist = {0: [0.75, 0.0625, 0.125, 0.0625], 1: [0.034482758620689655, 0.3793103448275862, 0.3103448275862069, 0.27586206896551724]}
01-02-2018:20:42:08,869 INFO     [lda.py:115] L = [[0, 0, 0, 0, 0, 0, 1], [0, 0, 0, 0, 0, 0, 0], [1, 1, 1, 1, 1, 1, 1, 1, 1, 1, 1, 1], [1, 1, 1, 1, 1, 1, 1, 1, 1, 1, 1]]
01-02-2018:20:42:08,869 INFO     [lda.py:127] p_docs_t_dist = {0: [0.7777777777777778, 0.2222222222222222], 1: [0.8888888888888888, 0.1111111111111111], 2: [0.07142857142857142, 0.9285714285714286], 3: [0.07692307692307693, 0.9230769230769231]}
01-02-2018:20:42:08,869 INFO     [lda.py:139] p_topics_v_dist = {0: [0.7058823529411765, 0.11764705882352941, 0.11764705882352941, 0.058823529411764705], 1: [0.03571428571428571, 0.35714285714285715, 0.32142857142857145, 0.2857142857142857]}
01-02-2018:20:42:08,870 INFO     [lda.py:115] L = [[0, 0, 0, 0, 0, 0, 0], [1, 0, 0, 0, 0, 0, 0], [1, 1, 1, 1, 1, 1, 1, 1, 0, 0, 1, 1], [1, 1, 1, 1, 1, 0, 1, 1, 0, 1, 0]]
01-02-2018:20:42:08,870 INFO     [lda.py:127] p_docs_t_dist = {0: [0.8888888888888888, 0.1111111111111111], 1: [0.7777777777777778, 0.2222222222222222], 2: [0.21428571428571427, 0.7857142857142857], 3: [0.3076923076923077, 0.6923076923076923]}
01-02-2018:20:42:08,870 INFO     [lda.py:139] p_topics_v_dist = {0: [0.5454545454545454, 0.2727272727272727, 0.09090909090909091, 0.09090909090909091], 1: [0.043478260869565216, 0.2608695652173913, 0.391304347826087, 0.30434782608695654]}
01-02-2018:20:42:08,870 INFO     [lda.py:115] L = [[0, 0, 0, 0, 0, 0, 0], [0, 0, 0, 0, 0, 0, 1], [1, 1, 1, 0, 1, 1, 1, 1, 1, 1, 1, 1], [1, 1, 1, 1, 1, 1, 1, 1, 1, 1, 1]]
01-02-2018:20:42:08,870 INFO     [lda.py:127] p_docs_t_dist = {0: [0.8888888888888888, 0.1111111111111111], 1: [0.7777777777777778, 0.2222222222222222], 2: [0.14285714285714285, 0.8571428571428571], 3: [0.07692307692307693, 0.9230769230769231]}
01-02-2018:20:42:08,870 INFO     [lda.py:139] p_topics_v_dist = {0: [0.6666666666666666, 0.16666666666666666, 0.1111111111111111, 0.05555555555555555], 1: [0.037037037037037035, 0.3333333333333333, 0.3333333333333333, 0.2962962962962963]}
01-02-2018:20:42:08,871 INFO     [lda.py:115] L = [[0, 0, 0, 0, 0, 0, 1], [1, 0, 0, 0, 0, 0, 1], [1, 1, 1, 1, 1, 1, 1, 1, 1, 1, 1, 1], [1, 1, 1, 1, 1, 1, 1, 1, 1, 1, 1]]
01-02-2018:20:42:08,871 INFO     [lda.py:127] p_docs_t_dist = {0: [0.7777777777777778, 0.2222222222222222], 1: [0.6666666666666666, 0.3333333333333333], 2: [0.07142857142857142, 0.9285714285714286], 3: [0.07692307692307693, 0.9230769230769231]}
01-02-2018:20:42:08,871 INFO     [lda.py:139] p_topics_v_dist = {0: [0.8, 0.06666666666666667, 0.06666666666666667, 0.06666666666666667], 1: [0.03333333333333333, 0.36666666666666664, 0.3333333333333333, 0.26666666666666666]}
01-02-2018:20:42:09,147 INFO     [lda.py:115] L = [[0, 0, 0, 0, 0, 0, 0], [0, 0, 0, 0, 0, 0, 0], [1, 1, 1, 1, 1, 1, 1, 1, 1, 1, 1, 1], [1, 1, 1, 1, 1, 1, 1, 1, 1, 1, 1]]
01-02-2018:20:42:09,147 INFO     [lda.py:127] p_docs_t_dist = {0: [0.8888888888888888, 0.1111111111111111], 1: [0.8888888888888888, 0.1111111111111111], 2: [0.07142857142857142, 0.9285714285714286], 3: [0.07692307692307693, 0.9230769230769231]}
01-02-2018:20:42:09,147 INFO     [lda.py:139] p_topics_v_dist = {0: [0.6666666666666666, 0.16666666666666666, 0.1111111111111111, 0.05555555555555555], 1: [0.037037037037037035, 0.3333333333333333, 0.3333333333333333, 0.2962962962962963]}
01-02-2018:20:42:09,147 INFO     [lda.py:115] L = [[0, 0, 0, 0, 0, 0, 0], [0, 0, 0, 0, 0, 0, 0], [1, 0, 1, 1, 1, 1, 1, 0, 1, 1, 0, 0], [1, 1, 1, 1, 1, 1, 1, 0, 1, 1, 1]]
01-02-2018:20:42:09,147 INFO     [lda.py:127] p_docs_t_dist = {0: [0.8888888888888888, 0.1111111111111111], 1: [0.8888888888888888, 0.1111111111111111], 2: [0.35714285714285715, 0.6428571428571429], 3: [0.15384615384615385, 0.8461538461538461]}
01-02-2018:20:42:09,147 INFO     [lda.py:139] p_topics_v_dist = {0: [0.5217391304347826, 0.2608695652173913, 0.17391304347826086, 0.043478260869565216], 1: [0.045454545454545456, 0.2727272727272727, 0.3181818181818182, 0.36363636363636365]}
01-02-2018:20:42:09,148 INFO     [lda.py:115] L = [[0, 0, 0, 0, 0, 0, 1], [0, 0, 0, 0, 0, 0, 0], [1, 1, 1, 1, 0, 1, 1, 1, 1, 1, 1, 1], [1, 1, 1, 1, 1, 1, 1, 1, 1, 1, 1]]
01-02-2018:20:42:09,148 INFO     [lda.py:127] p_docs_t_dist = {0: [0.7777777777777778, 0.2222222222222222], 1: [0.8888888888888888, 0.1111111111111111], 2: [0.14285714285714285, 0.8571428571428571], 3: [0.07692307692307693, 0.9230769230769231]}
01-02-2018:20:42:09,148 INFO     [lda.py:139] p_topics_v_dist = {0: [0.6666666666666666, 0.1111111111111111, 0.16666666666666666, 0.05555555555555555], 1: [0.037037037037037035, 0.37037037037037035, 0.2962962962962963, 0.2962962962962963]}
01-02-2018:20:42:09,148 INFO     [lda.py:115] L = [[0, 0, 0, 0, 0, 0, 0], [0, 0, 0, 0, 0, 0, 0], [1, 1, 1, 1, 1, 1, 1, 1, 1, 1, 1, 1], [1, 1, 1, 1, 1, 1, 1, 1, 1, 1, 1]]
01-02-2018:20:42:09,148 INFO     [lda.py:127] p_docs_t_dist = {0: [0.8888888888888888, 0.1111111111111111], 1: [0.8888888888888888, 0.1111111111111111], 2: [0.07142857142857142, 0.9285714285714286], 3: [0.07692307692307693, 0.9230769230769231]}
01-02-2018:20:42:09,148 INFO     [lda.py:139] p_topics_v_dist = {0: [0.6666666666666666, 0.16666666666666666, 0.1111111111111111, 0.05555555555555555], 1: [0.037037037037037035, 0.3333333333333333, 0.3333333333333333, 0.2962962962962963]}
01-02-2018:20:42:09,149 INFO     [lda.py:115] L = [[0, 0, 0, 0, 0, 0, 0], [0, 0, 0, 0, 0, 0, 1], [1, 1, 1, 1, 1, 1, 1, 1, 1, 1, 0, 1], [1, 1, 1, 1, 1, 1, 1, 1, 1, 1, 1]]
01-02-2018:20:42:09,149 INFO     [lda.py:127] p_docs_t_dist = {0: [0.8888888888888888, 0.1111111111111111], 1: [0.7777777777777778, 0.2222222222222222], 2: [0.14285714285714285, 0.8571428571428571], 3: [0.07692307692307693, 0.9230769230769231]}
01-02-2018:20:42:09,149 INFO     [lda.py:139] p_topics_v_dist = {0: [0.6666666666666666, 0.2222222222222222, 0.05555555555555555, 0.05555555555555555], 1: [0.037037037037037035, 0.2962962962962963, 0.37037037037037035, 0.2962962962962963]}
01-02-2018:20:42:09,489 INFO     [lda.py:115] L = [[0, 0, 0, 0, 0, 0, 0], [1, 0, 0, 0, 0, 0, 0], [1, 1, 1, 1, 1, 1, 1, 1, 1, 1, 1, 1], [1, 1, 1, 1, 1, 1, 1, 1, 1, 1, 1]]
01-02-2018:20:42:09,489 INFO     [lda.py:127] p_docs_t_dist = {0: [0.8888888888888888, 0.1111111111111111], 1: [0.7777777777777778, 0.2222222222222222], 2: [0.07142857142857142, 0.9285714285714286], 3: [0.07692307692307693, 0.9230769230769231]}
01-02-2018:20:42:09,489 INFO     [lda.py:139] p_topics_v_dist = {0: [0.7058823529411765, 0.11764705882352941, 0.11764705882352941, 0.058823529411764705], 1: [0.03571428571428571, 0.35714285714285715, 0.32142857142857145, 0.2857142857142857]}
01-02-2018:20:42:09,489 INFO     [lda.py:115] L = [[0, 0, 0, 0, 0, 0, 1], [0, 0, 0, 0, 0, 0, 0], [1, 1, 1, 1, 1, 1, 1, 1, 1, 1, 1, 1], [1, 1, 1, 0, 0, 1, 1, 1, 1, 1, 1]]
01-02-2018:20:42:09,489 INFO     [lda.py:127] p_docs_t_dist = {0: [0.7777777777777778, 0.2222222222222222], 1: [0.8888888888888888, 0.1111111111111111], 2: [0.07142857142857142, 0.9285714285714286], 3: [0.23076923076923078, 0.7692307692307693]}
01-02-2018:20:42:09,489 INFO     [lda.py:139] p_topics_v_dist = {0: [0.631578947368421, 0.10526315789473684, 0.21052631578947367, 0.05263157894736842], 1: [0.038461538461538464, 0.38461538461538464, 0.2692307692307692, 0.3076923076923077]}
01-02-2018:20:42:09,490 INFO     [lda.py:115] L = [[0, 0, 0, 0, 0, 0, 0], [0, 0, 0, 0, 0, 0, 0], [1, 1, 1, 1, 1, 1, 1, 1, 1, 1, 1, 1], [1, 0, 1, 1, 1, 1, 1, 1, 1, 1, 1]]
01-02-2018:20:42:09,490 INFO     [lda.py:127] p_docs_t_dist = {0: [0.8888888888888888, 0.1111111111111111], 1: [0.8888888888888888, 0.1111111111111111], 2: [0.07142857142857142, 0.9285714285714286], 3: [0.15384615384615385, 0.8461538461538461]}
01-02-2018:20:42:09,490 INFO     [lda.py:139] p_topics_v_dist = {0: [0.631578947368421, 0.15789473684210525, 0.10526315789473684, 0.10526315789473684], 1: [0.038461538461538464, 0.34615384615384615, 0.34615384615384615, 0.2692307692307692]}
01-02-2018:20:42:09,491 INFO     [lda.py:115] L = [[0, 0, 0, 0, 0, 0, 1], [0, 0, 0, 0, 0, 0, 1], [1, 1, 1, 1, 1, 1, 1, 1, 1, 0, 1, 1], [1, 1, 1, 1, 1, 1, 1, 1, 1, 1, 1]]
01-02-2018:20:42:09,491 INFO     [lda.py:127] p_docs_t_dist = {0: [0.7777777777777778, 0.2222222222222222], 1: [0.7777777777777778, 0.2222222222222222], 2: [0.14285714285714285, 0.8571428571428571], 3: [0.07692307692307693, 0.9230769230769231]}
01-02-2018:20:42:09,491 INFO     [lda.py:139] p_topics_v_dist = {0: [0.7058823529411765, 0.17647058823529413, 0.058823529411764705, 0.058823529411764705], 1: [0.03571428571428571, 0.32142857142857145, 0.35714285714285715, 0.2857142857142857]}
01-02-2018:20:42:09,491 INFO     [lda.py:115] L = [[0, 0, 0, 0, 0, 0, 0], [1, 1, 0, 0, 0, 0, 1], [1, 1, 1, 1, 1, 1, 1, 1, 1, 0, 1, 1], [1, 1, 1, 1, 1, 1, 1, 1, 1, 1, 1]]
01-02-2018:20:42:09,492 INFO     [lda.py:127] p_docs_t_dist = {0: [0.8888888888888888, 0.1111111111111111], 1: [0.5555555555555556, 0.4444444444444444], 2: [0.14285714285714285, 0.8571428571428571], 3: [0.07692307692307693, 0.9230769230769231]}
01-02-2018:20:42:09,492 INFO     [lda.py:139] p_topics_v_dist = {0: [0.6875, 0.1875, 0.0625, 0.0625], 1: [0.06896551724137931, 0.3103448275862069, 0.3448275862068966, 0.27586206896551724]}
01-02-2018:20:42:09,874 INFO     [lda.py:115] L = [[0, 0, 0, 0, 0, 0, 1], [0, 0, 0, 0, 0, 0, 1], [1, 1, 1, 1, 1, 1, 1, 1, 1, 1, 1, 1], [1, 1, 1, 1, 1, 1, 1, 1, 1, 1, 1]]
01-02-2018:20:42:09,874 INFO     [lda.py:127] p_docs_t_dist = {0: [0.7777777777777778, 0.2222222222222222], 1: [0.7777777777777778, 0.2222222222222222], 2: [0.07142857142857142, 0.9285714285714286], 3: [0.07692307692307693, 0.9230769230769231]}
01-02-2018:20:42:09,875 INFO     [lda.py:139] p_topics_v_dist = {0: [0.75, 0.125, 0.0625, 0.0625], 1: [0.034482758620689655, 0.3448275862068966, 0.3448275862068966, 0.27586206896551724]}
01-02-2018:20:42:09,875 INFO     [lda.py:115] L = [[0, 0, 0, 0, 0, 0, 1], [1, 0, 0, 0, 0, 0, 1], [1, 1, 1, 1, 1, 1, 1, 1, 1, 1, 1, 1], [1, 1, 1, 1, 1, 1, 1, 1, 1, 1, 1]]
01-02-2018:20:42:09,875 INFO     [lda.py:127] p_docs_t_dist = {0: [0.7777777777777778, 0.2222222222222222], 1: [0.6666666666666666, 0.3333333333333333], 2: [0.07142857142857142, 0.9285714285714286], 3: [0.07692307692307693, 0.9230769230769231]}
01-02-2018:20:42:09,875 INFO     [lda.py:139] p_topics_v_dist = {0: [0.8, 0.06666666666666667, 0.06666666666666667, 0.06666666666666667], 1: [0.03333333333333333, 0.36666666666666664, 0.3333333333333333, 0.26666666666666666]}
01-02-2018:20:42:09,875 INFO     [lda.py:115] L = [[0, 0, 0, 0, 0, 0, 0], [0, 0, 0, 0, 0, 0, 1], [1, 1, 1, 1, 1, 1, 1, 1, 1, 1, 1, 1], [1, 1, 1, 1, 1, 1, 0, 1, 1, 1, 1]]
01-02-2018:20:42:09,875 INFO     [lda.py:127] p_docs_t_dist = {0: [0.8888888888888888, 0.1111111111111111], 1: [0.7777777777777778, 0.2222222222222222], 2: [0.07142857142857142, 0.9285714285714286], 3: [0.15384615384615385, 0.8461538461538461]}
01-02-2018:20:42:09,876 INFO     [lda.py:139] p_topics_v_dist = {0: [0.6666666666666666, 0.16666666666666666, 0.05555555555555555, 0.1111111111111111], 1: [0.037037037037037035, 0.3333333333333333, 0.37037037037037035, 0.25925925925925924]}
01-02-2018:20:42:09,876 INFO     [lda.py:115] L = [[0, 0, 0, 0, 0, 0, 1], [0, 0, 0, 0, 0, 0, 0], [1, 1, 1, 1, 1, 1, 1, 1, 1, 1, 1, 1], [1, 1, 1, 1, 1, 1, 1, 0, 1, 1, 1]]
01-02-2018:20:42:09,876 INFO     [lda.py:127] p_docs_t_dist = {0: [0.7777777777777778, 0.2222222222222222], 1: [0.8888888888888888, 0.1111111111111111], 2: [0.07142857142857142, 0.9285714285714286], 3: [0.15384615384615385, 0.8461538461538461]}
01-02-2018:20:42:09,876 INFO     [lda.py:139] p_topics_v_dist = {0: [0.6666666666666666, 0.16666666666666666, 0.1111111111111111, 0.05555555555555555], 1: [0.037037037037037035, 0.3333333333333333, 0.3333333333333333, 0.2962962962962963]}
01-02-2018:20:42:09,876 INFO     [lda.py:115] L = [[0, 0, 0, 0, 0, 0, 0], [0, 1, 0, 1, 0, 0, 1], [1, 1, 1, 1, 1, 1, 1, 1, 1, 1, 0, 1], [1, 1, 1, 1, 1, 1, 1, 1, 1, 1, 1]]
01-02-2018:20:42:09,876 INFO     [lda.py:127] p_docs_t_dist = {0: [0.8888888888888888, 0.1111111111111111], 1: [0.5555555555555556, 0.4444444444444444], 2: [0.14285714285714285, 0.8571428571428571], 3: [0.07692307692307693, 0.9230769230769231]}
01-02-2018:20:42:09,876 INFO     [lda.py:139] p_topics_v_dist = {0: [0.625, 0.25, 0.0625, 0.0625], 1: [0.10344827586206896, 0.27586206896551724, 0.3448275862068966, 0.27586206896551724]}
01-02-2018:20:42:10,309 INFO     [lda.py:115] L = [[0, 0, 0, 0, 0, 0, 0], [1, 0, 0, 0, 0, 0, 1], [1, 1, 1, 1, 1, 1, 1, 1, 1, 1, 0, 1], [1, 1, 1, 1, 1, 1, 1, 1, 1, 1, 1]]
01-02-2018:20:42:10,310 INFO     [lda.py:127] p_docs_t_dist = {0: [0.8888888888888888, 0.1111111111111111], 1: [0.6666666666666666, 0.3333333333333333], 2: [0.14285714285714285, 0.8571428571428571], 3: [0.07692307692307693, 0.9230769230769231]}
01-02-2018:20:42:10,310 INFO     [lda.py:139] p_topics_v_dist = {0: [0.7058823529411765, 0.17647058823529413, 0.058823529411764705, 0.058823529411764705], 1: [0.03571428571428571, 0.32142857142857145, 0.35714285714285715, 0.2857142857142857]}
01-02-2018:20:42:10,310 INFO     [lda.py:115] L = [[0, 0, 0, 0, 0, 0, 1], [0, 0, 0, 0, 0, 0, 0], [1, 1, 1, 1, 0, 1, 1, 0, 1, 1, 1, 1], [1, 1, 1, 1, 0, 1, 1, 1, 1, 1, 1]]
01-02-2018:20:42:10,310 INFO     [lda.py:127] p_docs_t_dist = {0: [0.7777777777777778, 0.2222222222222222], 1: [0.8888888888888888, 0.1111111111111111], 2: [0.21428571428571427, 0.7857142857142857], 3: [0.15384615384615385, 0.8461538461538461]}
01-02-2018:20:42:10,310 INFO     [lda.py:139] p_topics_v_dist = {0: [0.6, 0.1, 0.25, 0.05], 1: [0.04, 0.4, 0.24, 0.32]}
01-02-2018:20:42:10,311 INFO     [lda.py:115] L = [[0, 0, 0, 0, 0, 0, 1], [1, 0, 0, 0, 0, 0, 0], [1, 0, 1, 1, 1, 1, 1, 1, 1, 1, 1, 1], [1, 1, 1, 1, 1, 1, 0, 1, 1, 1, 1]]
01-02-2018:20:42:10,311 INFO     [lda.py:127] p_docs_t_dist = {0: [0.7777777777777778, 0.2222222222222222], 1: [0.7777777777777778, 0.2222222222222222], 2: [0.14285714285714285, 0.8571428571428571], 3: [0.15384615384615385, 0.8461538461538461]}
01-02-2018:20:42:10,311 INFO     [lda.py:139] p_topics_v_dist = {0: [0.6666666666666666, 0.05555555555555555, 0.16666666666666666, 0.1111111111111111], 1: [0.037037037037037035, 0.4074074074074074, 0.2962962962962963, 0.25925925925925924]}
01-02-2018:20:42:10,311 INFO     [lda.py:115] L = [[0, 0, 0, 0, 0, 0, 1], [1, 0, 0, 0, 0, 0, 0], [1, 1, 0, 1, 1, 1, 1, 1, 1, 1, 1, 1], [1, 1, 1, 1, 0, 1, 1, 1, 1, 1, 1]]
01-02-2018:20:42:10,311 INFO     [lda.py:127] p_docs_t_dist = {0: [0.7777777777777778, 0.2222222222222222], 1: [0.7777777777777778, 0.2222222222222222], 2: [0.14285714285714285, 0.8571428571428571], 3: [0.15384615384615385, 0.8461538461538461]}
01-02-2018:20:42:10,311 INFO     [lda.py:139] p_topics_v_dist = {0: [0.6666666666666666, 0.05555555555555555, 0.16666666666666666, 0.1111111111111111], 1: [0.037037037037037035, 0.4074074074074074, 0.2962962962962963, 0.25925925925925924]}
01-02-2018:20:42:10,311 INFO     [lda.py:115] L = [[0, 0, 0, 0, 0, 0, 0], [0, 0, 0, 0, 0, 0, 0], [1, 1, 1, 1, 1, 1, 1, 0, 1, 1, 1, 1], [1, 1, 1, 1, 1, 1, 1, 1, 1, 1, 1]]
01-02-2018:20:42:10,312 INFO     [lda.py:127] p_docs_t_dist = {0: [0.8888888888888888, 0.1111111111111111], 1: [0.8888888888888888, 0.1111111111111111], 2: [0.14285714285714285, 0.8571428571428571], 3: [0.07692307692307693, 0.9230769230769231]}
01-02-2018:20:42:10,312 INFO     [lda.py:139] p_topics_v_dist = {0: [0.631578947368421, 0.15789473684210525, 0.15789473684210525, 0.05263157894736842], 1: [0.038461538461538464, 0.34615384615384615, 0.3076923076923077, 0.3076923076923077]}
01-02-2018:20:42:10,802 INFO     [lda.py:115] L = [[0, 0, 0, 0, 0, 0, 0], [0, 0, 0, 0, 0, 0, 0], [1, 0, 1, 1, 1, 1, 0, 1, 1, 1, 1, 1], [1, 1, 1, 1, 1, 1, 1, 1, 1, 1, 0]]
01-02-2018:20:42:10,803 INFO     [lda.py:127] p_docs_t_dist = {0: [0.8888888888888888, 0.1111111111111111], 1: [0.8888888888888888, 0.1111111111111111], 2: [0.21428571428571427, 0.7857142857142857], 3: [0.15384615384615385, 0.8461538461538461]}
01-02-2018:20:42:10,803 INFO     [lda.py:139] p_topics_v_dist = {0: [0.5714285714285714, 0.19047619047619047, 0.14285714285714285, 0.09523809523809523], 1: [0.041666666666666664, 0.3333333333333333, 0.3333333333333333, 0.2916666666666667]}
01-02-2018:20:42:10,803 INFO     [lda.py:115] L = [[0, 0, 0, 0, 0, 0, 0], [0, 0, 0, 0, 0, 0, 1], [1, 1, 1, 1, 1, 1, 1, 1, 1, 1, 0, 0], [1, 1, 1, 0, 1, 1, 1, 1, 1, 0, 1]]
01-02-2018:20:42:10,803 INFO     [lda.py:127] p_docs_t_dist = {0: [0.8888888888888888, 0.1111111111111111], 1: [0.7777777777777778, 0.2222222222222222], 2: [0.21428571428571427, 0.7857142857142857], 3: [0.23076923076923078, 0.7692307692307693]}
01-02-2018:20:42:10,803 INFO     [lda.py:139] p_topics_v_dist = {0: [0.5714285714285714, 0.2857142857142857, 0.09523809523809523, 0.047619047619047616], 1: [0.041666666666666664, 0.25, 0.375, 0.3333333333333333]}
01-02-2018:20:42:10,803 INFO     [lda.py:115] L = [[0, 0, 0, 0, 0, 0, 0], [0, 0, 0, 0, 0, 0, 0], [1, 1, 1, 1, 1, 1, 1, 1, 0, 0, 1, 1], [1, 1, 1, 1, 1, 1, 1, 1, 1, 1, 1]]
01-02-2018:20:42:10,804 INFO     [lda.py:127] p_docs_t_dist = {0: [0.8888888888888888, 0.1111111111111111], 1: [0.8888888888888888, 0.1111111111111111], 2: [0.21428571428571427, 0.7857142857142857], 3: [0.07692307692307693, 0.9230769230769231]}
01-02-2018:20:42:10,804 INFO     [lda.py:139] p_topics_v_dist = {0: [0.6, 0.25, 0.1, 0.05], 1: [0.04, 0.28, 0.36, 0.32]}
01-02-2018:20:42:10,804 INFO     [lda.py:115] L = [[0, 0, 0, 0, 0, 0, 0], [0, 0, 0, 0, 0, 0, 1], [1, 0, 1, 0, 1, 1, 1, 1, 1, 1, 1, 1], [1, 1, 1, 1, 1, 0, 1, 1, 1, 1, 1]]
01-02-2018:20:42:10,804 INFO     [lda.py:127] p_docs_t_dist = {0: [0.8888888888888888, 0.1111111111111111], 1: [0.7777777777777778, 0.2222222222222222], 2: [0.21428571428571427, 0.7857142857142857], 3: [0.15384615384615385, 0.8461538461538461]}
01-02-2018:20:42:10,804 INFO     [lda.py:139] p_topics_v_dist = {0: [0.6, 0.15, 0.15, 0.1], 1: [0.04, 0.36, 0.32, 0.28]}
01-02-2018:20:42:10,804 INFO     [lda.py:115] L = [[0, 0, 0, 0, 0, 0, 0], [1, 0, 0, 0, 0, 0, 1], [1, 1, 1, 1, 1, 1, 1, 1, 1, 1, 1, 1], [1, 1, 1, 1, 1, 1, 1, 1, 1, 1, 1]]
01-02-2018:20:42:10,804 INFO     [lda.py:127] p_docs_t_dist = {0: [0.8888888888888888, 0.1111111111111111], 1: [0.6666666666666666, 0.3333333333333333], 2: [0.07142857142857142, 0.9285714285714286], 3: [0.07692307692307693, 0.9230769230769231]}
01-02-2018:20:42:10,804 INFO     [lda.py:139] p_topics_v_dist = {0: [0.75, 0.125, 0.0625, 0.0625], 1: [0.034482758620689655, 0.3448275862068966, 0.3448275862068966, 0.27586206896551724]}
01-02-2018:20:42:11,335 INFO     [lda.py:115] L = [[0, 0, 0, 0, 0, 0, 1], [1, 0, 0, 0, 0, 0, 0], [1, 1, 1, 1, 1, 1, 1, 1, 1, 1, 1, 1], [1, 1, 1, 1, 1, 1, 1, 1, 1, 1, 1]]
01-02-2018:20:42:11,335 INFO     [lda.py:127] p_docs_t_dist = {0: [0.7777777777777778, 0.2222222222222222], 1: [0.7777777777777778, 0.2222222222222222], 2: [0.07142857142857142, 0.9285714285714286], 3: [0.07692307692307693, 0.9230769230769231]}
01-02-2018:20:42:11,336 INFO     [lda.py:139] p_topics_v_dist = {0: [0.75, 0.0625, 0.125, 0.0625], 1: [0.034482758620689655, 0.3793103448275862, 0.3103448275862069, 0.27586206896551724]}
01-02-2018:20:42:11,336 INFO     [lda.py:115] L = [[0, 0, 1, 0, 0, 0, 0], [1, 0, 0, 0, 0, 0, 0], [1, 1, 1, 1, 1, 1, 1, 1, 1, 1, 0, 1], [1, 1, 1, 1, 1, 1, 1, 1, 1, 1, 0]]
01-02-2018:20:42:11,336 INFO     [lda.py:127] p_docs_t_dist = {0: [0.7777777777777778, 0.2222222222222222], 1: [0.7777777777777778, 0.2222222222222222], 2: [0.14285714285714285, 0.8571428571428571], 3: [0.15384615384615385, 0.8461538461538461]}
01-02-2018:20:42:11,336 INFO     [lda.py:139] p_topics_v_dist = {0: [0.6111111111111112, 0.2222222222222222, 0.1111111111111111, 0.05555555555555555], 1: [0.07407407407407407, 0.2962962962962963, 0.3333333333333333, 0.2962962962962963]}
01-02-2018:20:42:11,337 INFO     [lda.py:115] L = [[0, 0, 0, 0, 0, 0, 1], [0, 0, 0, 0, 0, 0, 1], [1, 1, 0, 1, 1, 1, 1, 1, 0, 0, 1, 1], [1, 1, 1, 1, 1, 1, 1, 1, 1, 1, 1]]
01-02-2018:20:42:11,337 INFO     [lda.py:127] p_docs_t_dist = {0: [0.7777777777777778, 0.2222222222222222], 1: [0.7777777777777778, 0.2222222222222222], 2: [0.2857142857142857, 0.7142857142857143], 3: [0.07692307692307693, 0.9230769230769231]}
01-02-2018:20:42:11,337 INFO     [lda.py:139] p_topics_v_dist = {0: [0.631578947368421, 0.21052631578947367, 0.05263157894736842, 0.10526315789473684], 1: [0.038461538461538464, 0.3076923076923077, 0.38461538461538464, 0.2692307692307692]}
01-02-2018:20:42:11,337 INFO     [lda.py:115] L = [[0, 0, 0, 0, 0, 0, 0], [0, 0, 0, 0, 0, 0, 0], [0, 1, 1, 1, 0, 1, 1, 0, 1, 1, 1, 1], [1, 1, 1, 1, 1, 1, 1, 1, 1, 1, 1]]
01-02-2018:20:42:11,337 INFO     [lda.py:127] p_docs_t_dist = {0: [0.8888888888888888, 0.1111111111111111], 1: [0.8888888888888888, 0.1111111111111111], 2: [0.2857142857142857, 0.7142857142857143], 3: [0.07692307692307693, 0.9230769230769231]}
01-02-2018:20:42:11,337 INFO     [lda.py:139] p_topics_v_dist = {0: [0.5714285714285714, 0.14285714285714285, 0.23809523809523808, 0.047619047619047616], 1: [0.041666666666666664, 0.375, 0.25, 0.3333333333333333]}
01-02-2018:20:42:11,338 INFO     [lda.py:115] L = [[0, 0, 0, 0, 0, 0, 0], [0, 0, 0, 0, 0, 0, 0], [1, 1, 1, 1, 1, 1, 1, 1, 1, 1, 1, 1], [1, 1, 1, 1, 1, 1, 1, 1, 1, 1, 0]]
01-02-2018:20:42:11,338 INFO     [lda.py:127] p_docs_t_dist = {0: [0.8888888888888888, 0.1111111111111111], 1: [0.8888888888888888, 0.1111111111111111], 2: [0.07142857142857142, 0.9285714285714286], 3: [0.15384615384615385, 0.8461538461538461]}
01-02-2018:20:42:11,338 INFO     [lda.py:139] p_topics_v_dist = {0: [0.631578947368421, 0.21052631578947367, 0.10526315789473684, 0.05263157894736842], 1: [0.038461538461538464, 0.3076923076923077, 0.34615384615384615, 0.3076923076923077]}
01-02-2018:20:42:11,922 INFO     [lda.py:115] L = [[0, 0, 0, 0, 0, 0, 0], [1, 0, 0, 0, 0, 0, 0], [1, 1, 1, 1, 1, 1, 1, 1, 1, 0, 0, 1], [1, 1, 1, 1, 1, 1, 1, 0, 0, 1, 0]]
01-02-2018:20:42:11,922 INFO     [lda.py:127] p_docs_t_dist = {0: [0.8888888888888888, 0.1111111111111111], 1: [0.7777777777777778, 0.2222222222222222], 2: [0.21428571428571427, 0.7857142857142857], 3: [0.3076923076923077, 0.6923076923076923]}
01-02-2018:20:42:11,922 INFO     [lda.py:139] p_topics_v_dist = {0: [0.5454545454545454, 0.3181818181818182, 0.09090909090909091, 0.045454545454545456], 1: [0.043478260869565216, 0.21739130434782608, 0.391304347826087, 0.34782608695652173]}
01-02-2018:20:42:11,922 INFO     [lda.py:115] L = [[0, 0, 0, 0, 0, 0, 0], [0, 0, 0, 0, 0, 0, 1], [1, 1, 1, 1, 1, 1, 1, 1, 1, 1, 1, 1], [1, 1, 1, 1, 0, 1, 1, 0, 1, 1, 1]]
01-02-2018:20:42:11,922 INFO     [lda.py:127] p_docs_t_dist = {0: [0.8888888888888888, 0.1111111111111111], 1: [0.7777777777777778, 0.2222222222222222], 2: [0.07142857142857142, 0.9285714285714286], 3: [0.23076923076923078, 0.7692307692307693]}
01-02-2018:20:42:11,922 INFO     [lda.py:139] p_topics_v_dist = {0: [0.631578947368421, 0.21052631578947367, 0.10526315789473684, 0.05263157894736842], 1: [0.038461538461538464, 0.3076923076923077, 0.34615384615384615, 0.3076923076923077]}
01-02-2018:20:42:11,923 INFO     [lda.py:115] L = [[0, 0, 0, 0, 0, 0, 0], [1, 0, 0, 0, 0, 0, 1], [1, 1, 1, 1, 1, 1, 1, 1, 1, 1, 1, 1], [1, 1, 1, 0, 1, 1, 1, 1, 1, 0, 1]]
01-02-2018:20:42:11,923 INFO     [lda.py:127] p_docs_t_dist = {0: [0.8888888888888888, 0.1111111111111111], 1: [0.6666666666666666, 0.3333333333333333], 2: [0.07142857142857142, 0.9285714285714286], 3: [0.23076923076923078, 0.7692307692307693]}
01-02-2018:20:42:11,923 INFO     [lda.py:139] p_topics_v_dist = {0: [0.6666666666666666, 0.16666666666666666, 0.1111111111111111, 0.05555555555555555], 1: [0.037037037037037035, 0.3333333333333333, 0.3333333333333333, 0.2962962962962963]}
01-02-2018:20:42:11,923 INFO     [lda.py:115] L = [[0, 0, 0, 0, 0, 0, 0], [1, 0, 0, 0, 0, 0, 0], [1, 1, 1, 1, 1, 1, 1, 1, 1, 1, 1, 1], [1, 1, 1, 1, 1, 1, 1, 1, 1, 1, 1]]
01-02-2018:20:42:11,923 INFO     [lda.py:127] p_docs_t_dist = {0: [0.8888888888888888, 0.1111111111111111], 1: [0.7777777777777778, 0.2222222222222222], 2: [0.07142857142857142, 0.9285714285714286], 3: [0.07692307692307693, 0.9230769230769231]}
01-02-2018:20:42:11,923 INFO     [lda.py:139] p_topics_v_dist = {0: [0.7058823529411765, 0.11764705882352941, 0.11764705882352941, 0.058823529411764705], 1: [0.03571428571428571, 0.35714285714285715, 0.32142857142857145, 0.2857142857142857]}
